<?xml version="1.0" encoding="UTF-8"?>
<testsuites>
  <testsuite name="/var/www/html/phpunit.xml" tests="1172" assertions="3378" errors="0" failures="0" skipped="2" time="13.917923">
    <testsuite name="Laravel MCP Test Suite" tests="586" assertions="1689" errors="0" failures="0" skipped="1" time="6.979646">
      <testsuite name="JTD\LaravelMCP\Tests\Feature\McpServerIntegrationTest" file="/var/www/html/tests/Feature/McpServerIntegrationTest.php" tests="17" assertions="87" errors="0" failures="0" skipped="1" time="1.312794">
        <testcase name="test_can_resolve_capability_manager_from_container" file="/var/www/html/tests/Feature/McpServerIntegrationTest.php" line="28" class="JTD\LaravelMCP\Tests\Feature\McpServerIntegrationTest" classname="JTD.LaravelMCP.Tests.Feature.McpServerIntegrationTest" assertions="1" time="0.099337"/>
        <testcase name="test_can_resolve_server_from_container" file="/var/www/html/tests/Feature/McpServerIntegrationTest.php" line="14" class="JTD\LaravelMCP\Tests\Feature\McpServerIntegrationTest" classname="JTD.LaravelMCP.Tests.Feature.McpServerIntegrationTest" assertions="1" time="0.011278"/>
        <testcase name="test_server_initialization_flow" file="/var/www/html/tests/Feature/McpServerIntegrationTest.php" line="35" class="JTD\LaravelMCP\Tests\Feature\McpServerIntegrationTest" classname="JTD.LaravelMCP.Tests.Feature.McpServerIntegrationTest" assertions="8" time="0.011294"/>
        <testcase name="test_server_metrics_tracking" file="/var/www/html/tests/Feature/McpServerIntegrationTest.php" line="191" class="JTD\LaravelMCP\Tests\Feature\McpServerIntegrationTest" classname="JTD.LaravelMCP.Tests.Feature.McpServerIntegrationTest" assertions="8" time="0.004978"/>
        <testcase name="test_server_graceful_shutdown" file="/var/www/html/tests/Feature/McpServerIntegrationTest.php" line="236" class="JTD\LaravelMCP\Tests\Feature\McpServerIntegrationTest" classname="JTD.LaravelMCP.Tests.Feature.McpServerIntegrationTest" assertions="2" time="0.006214"/>
        <testcase name="test_server_transport_integration" file="/var/www/html/tests/Feature/McpServerIntegrationTest.php" line="275" class="JTD\LaravelMCP\Tests\Feature\McpServerIntegrationTest" classname="JTD.LaravelMCP.Tests.Feature.McpServerIntegrationTest" assertions="4" time="0.007027"/>
        <testcase name="test_server_component_integration" file="/var/www/html/tests/Feature/McpServerIntegrationTest.php" line="288" class="JTD\LaravelMCP\Tests\Feature\McpServerIntegrationTest" classname="JTD.LaravelMCP.Tests.Feature.McpServerIntegrationTest" assertions="5" time="0.004510"/>
        <testcase name="test_server_protocol_version" file="/var/www/html/tests/Feature/McpServerIntegrationTest.php" line="336" class="JTD\LaravelMCP\Tests\Feature\McpServerIntegrationTest" classname="JTD.LaravelMCP.Tests.Feature.McpServerIntegrationTest" assertions="1" time="0.005941"/>
        <testcase name="test_server_status_and_health" file="/var/www/html/tests/Feature/McpServerIntegrationTest.php" line="97" class="JTD\LaravelMCP\Tests\Feature\McpServerIntegrationTest" classname="JTD.LaravelMCP.Tests.Feature.McpServerIntegrationTest" assertions="15" time="0.008873"/>
        <testcase name="test_server_diagnostics" file="/var/www/html/tests/Feature/McpServerIntegrationTest.php" line="302" class="JTD\LaravelMCP\Tests\Feature\McpServerIntegrationTest" classname="JTD.LaravelMCP.Tests.Feature.McpServerIntegrationTest" assertions="10" time="0.006737"/>
        <testcase name="test_server_uptime_tracking" file="/var/www/html/tests/Feature/McpServerIntegrationTest.php" line="323" class="JTD\LaravelMCP\Tests\Feature\McpServerIntegrationTest" classname="JTD.LaravelMCP.Tests.Feature.McpServerIntegrationTest" assertions="4" time="0.106507"/>
        <testcase name="test_server_lifecycle_management" file="/var/www/html/tests/Feature/McpServerIntegrationTest.php" line="66" class="JTD\LaravelMCP\Tests\Feature\McpServerIntegrationTest" classname="JTD.LaravelMCP.Tests.Feature.McpServerIntegrationTest" assertions="8" time="1.009180"/>
        <testcase name="test_capability_negotiation_integration" file="/var/www/html/tests/Feature/McpServerIntegrationTest.php" line="141" class="JTD\LaravelMCP\Tests\Feature\McpServerIntegrationTest" classname="JTD.LaravelMCP.Tests.Feature.McpServerIntegrationTest" assertions="3" time="0.007521"/>
        <testcase name="test_capability_manager_mcp10_compliance" file="/var/www/html/tests/Feature/McpServerIntegrationTest.php" line="250" class="JTD\LaravelMCP\Tests\Feature\McpServerIntegrationTest" classname="JTD.LaravelMCP.Tests.Feature.McpServerIntegrationTest" assertions="3" time="0.006686">
          <skipped/>
        </testcase>
        <testcase name="test_can_resolve_server_info_from_container" file="/var/www/html/tests/Feature/McpServerIntegrationTest.php" line="21" class="JTD\LaravelMCP\Tests\Feature\McpServerIntegrationTest" classname="JTD.LaravelMCP.Tests.Feature.McpServerIntegrationTest" assertions="1" time="0.005157"/>
        <testcase name="test_server_configuration_integration" file="/var/www/html/tests/Feature/McpServerIntegrationTest.php" line="128" class="JTD\LaravelMCP\Tests\Feature\McpServerIntegrationTest" classname="JTD.LaravelMCP.Tests.Feature.McpServerIntegrationTest" assertions="3" time="0.004960"/>
        <testcase name="test_server_info_detailed_information" file="/var/www/html/tests/Feature/McpServerIntegrationTest.php" line="215" class="JTD\LaravelMCP\Tests\Feature\McpServerIntegrationTest" classname="JTD.LaravelMCP.Tests.Feature.McpServerIntegrationTest" assertions="10" time="0.006592"/>
      </testsuite>
      <testsuite name="JTD\LaravelMCP\Tests\Unit\Protocol\MessageProcessorTest" file="/var/www/html/tests/Unit/Protocol/MessageProcessorTest.php" tests="20" assertions="38" errors="0" failures="0" skipped="0" time="0.143901">
        <testcase name="constructor_initializes_handlers_and_capabilities" file="/var/www/html/tests/Unit/Protocol/MessageProcessorTest.php" line="85" class="JTD\LaravelMCP\Tests\Unit\Protocol\MessageProcessorTest" classname="JTD.LaravelMCP.Tests.Unit.Protocol.MessageProcessorTest" assertions="4" time="0.014726"/>
        <testcase name="get_supported_message_types_returns_expected_methods" file="/var/www/html/tests/Unit/Protocol/MessageProcessorTest.php" line="95" class="JTD\LaravelMCP\Tests\Unit\Protocol\MessageProcessorTest" classname="JTD.LaravelMCP.Tests.Unit.Protocol.MessageProcessorTest" assertions="1" time="0.006514"/>
        <testcase name="can_handle_returns_true_for_valid_json_rpc_messages" file="/var/www/html/tests/Unit/Protocol/MessageProcessorTest.php" line="114" class="JTD\LaravelMCP\Tests\Unit\Protocol\MessageProcessorTest" classname="JTD.LaravelMCP.Tests.Unit.Protocol.MessageProcessorTest" assertions="1" time="0.007683"/>
        <testcase name="can_handle_returns_false_for_invalid_messages" file="/var/www/html/tests/Unit/Protocol/MessageProcessorTest.php" line="128" class="JTD\LaravelMCP\Tests\Unit\Protocol\MessageProcessorTest" classname="JTD.LaravelMCP.Tests.Unit.Protocol.MessageProcessorTest" assertions="1" time="0.008681"/>
        <testcase name="handle_processes_notifications_without_response" file="/var/www/html/tests/Unit/Protocol/MessageProcessorTest.php" line="194" class="JTD\LaravelMCP\Tests\Unit\Protocol\MessageProcessorTest" classname="JTD.LaravelMCP.Tests.Unit.Protocol.MessageProcessorTest" assertions="1" time="0.007552"/>
        <testcase name="handle_processes_responses_without_response" file="/var/www/html/tests/Unit/Protocol/MessageProcessorTest.php" line="227" class="JTD\LaravelMCP\Tests\Unit\Protocol\MessageProcessorTest" classname="JTD.LaravelMCP.Tests.Unit.Protocol.MessageProcessorTest" assertions="1" time="0.005917"/>
        <testcase name="handle_returns_error_for_unrecognized_message_types" file="/var/www/html/tests/Unit/Protocol/MessageProcessorTest.php" line="266" class="JTD\LaravelMCP\Tests\Unit\Protocol\MessageProcessorTest" classname="JTD.LaravelMCP.Tests.Unit.Protocol.MessageProcessorTest" assertions="2" time="0.005089"/>
        <testcase name="set_server_info_updates_server_information" file="/var/www/html/tests/Unit/Protocol/MessageProcessorTest.php" line="381" class="JTD\LaravelMCP\Tests\Unit\Protocol\MessageProcessorTest" classname="JTD.LaravelMCP.Tests.Unit.Protocol.MessageProcessorTest" assertions="3" time="0.004649"/>
        <testcase name="get_server_info_returns_current_information" file="/var/www/html/tests/Unit/Protocol/MessageProcessorTest.php" line="394" class="JTD\LaravelMCP\Tests\Unit\Protocol\MessageProcessorTest" classname="JTD.LaravelMCP.Tests.Unit.Protocol.MessageProcessorTest" assertions="4" time="0.006037"/>
        <testcase name="handle_returns_error_for_invalid_json_rpc_messages" file="/var/www/html/tests/Unit/Protocol/MessageProcessorTest.php" line="142" class="JTD\LaravelMCP\Tests\Unit\Protocol\MessageProcessorTest" classname="JTD.LaravelMCP.Tests.Unit.Protocol.MessageProcessorTest" assertions="2" time="0.006068"/>
        <testcase name="handle_processes_valid_requests" file="/var/www/html/tests/Unit/Protocol/MessageProcessorTest.php" line="165" class="JTD\LaravelMCP\Tests\Unit\Protocol\MessageProcessorTest" classname="JTD.LaravelMCP.Tests.Unit.Protocol.MessageProcessorTest" assertions="1" time="0.008103"/>
        <testcase name="handle_catches_and_handles_exceptions" file="/var/www/html/tests/Unit/Protocol/MessageProcessorTest.php" line="307" class="JTD\LaravelMCP\Tests\Unit\Protocol\MessageProcessorTest" classname="JTD.LaravelMCP.Tests.Unit.Protocol.MessageProcessorTest" assertions="2" time="0.007746"/>
        <testcase name="handle_error_logs_transport_errors" file="/var/www/html/tests/Unit/Protocol/MessageProcessorTest.php" line="336" class="JTD\LaravelMCP\Tests\Unit\Protocol\MessageProcessorTest" classname="JTD.LaravelMCP.Tests.Unit.Protocol.MessageProcessorTest" assertions="0" time="0.006190"/>
        <testcase name="on_connect_logs_transport_connection" file="/var/www/html/tests/Unit/Protocol/MessageProcessorTest.php" line="351" class="JTD\LaravelMCP\Tests\Unit\Protocol\MessageProcessorTest" classname="JTD.LaravelMCP.Tests.Unit.Protocol.MessageProcessorTest" assertions="0" time="0.006320"/>
        <testcase name="initialization_workflow_works_correctly" file="/var/www/html/tests/Unit/Protocol/MessageProcessorTest.php" line="405" class="JTD\LaravelMCP\Tests\Unit\Protocol\MessageProcessorTest" classname="JTD.LaravelMCP.Tests.Unit.Protocol.MessageProcessorTest" assertions="2" time="0.006177"/>
        <testcase name="tools_list_handler_integration_works" file="/var/www/html/tests/Unit/Protocol/MessageProcessorTest.php" line="446" class="JTD\LaravelMCP\Tests\Unit\Protocol\MessageProcessorTest" classname="JTD.LaravelMCP.Tests.Unit.Protocol.MessageProcessorTest" assertions="2" time="0.005810"/>
        <testcase name="resources_list_handler_integration_works" file="/var/www/html/tests/Unit/Protocol/MessageProcessorTest.php" line="467" class="JTD\LaravelMCP\Tests\Unit\Protocol\MessageProcessorTest" classname="JTD.LaravelMCP.Tests.Unit.Protocol.MessageProcessorTest" assertions="2" time="0.006094"/>
        <testcase name="prompts_list_handler_integration_works" file="/var/www/html/tests/Unit/Protocol/MessageProcessorTest.php" line="487" class="JTD\LaravelMCP\Tests\Unit\Protocol\MessageProcessorTest" classname="JTD.LaravelMCP.Tests.Unit.Protocol.MessageProcessorTest" assertions="2" time="0.008337"/>
        <testcase name="handler_methods_check_initialization_status" file="/var/www/html/tests/Unit/Protocol/MessageProcessorTest.php" line="507" class="JTD\LaravelMCP\Tests\Unit\Protocol\MessageProcessorTest" classname="JTD.LaravelMCP.Tests.Unit.Protocol.MessageProcessorTest" assertions="3" time="0.008000"/>
        <testcase name="on_disconnect_resets_initialization_state" file="/var/www/html/tests/Unit/Protocol/MessageProcessorTest.php" line="365" class="JTD\LaravelMCP\Tests\Unit\Protocol\MessageProcessorTest" classname="JTD.LaravelMCP.Tests.Unit.Protocol.MessageProcessorTest" assertions="4" time="0.008208"/>
      </testsuite>
      <testsuite name="JTD\LaravelMCP\Tests\Unit\Server\CapabilityManagerTest" file="/var/www/html/tests/Unit/Server/CapabilityManagerTest.php" tests="20" assertions="62" errors="0" failures="0" skipped="0" time="0.112572">
        <testcase name="test_can_create_capability_manager_instance" file="/var/www/html/tests/Unit/Server/CapabilityManagerTest.php" line="31" class="JTD\LaravelMCP\Tests\Unit\Server\CapabilityManagerTest" classname="JTD.LaravelMCP.Tests.Unit.Server.CapabilityManagerTest" assertions="1" time="0.005190"/>
        <testcase name="test_initializes_server_capabilities_from_config" file="/var/www/html/tests/Unit/Server/CapabilityManagerTest.php" line="36" class="JTD\LaravelMCP\Tests\Unit\Server\CapabilityManagerTest" classname="JTD.LaravelMCP.Tests.Unit.Server.CapabilityManagerTest" assertions="2" time="0.004952"/>
        <testcase name="test_can_update_server_capabilities_before_negotiation" file="/var/www/html/tests/Unit/Server/CapabilityManagerTest.php" line="135" class="JTD\LaravelMCP\Tests\Unit\Server\CapabilityManagerTest" classname="JTD.LaravelMCP.Tests.Unit.Server.CapabilityManagerTest" assertions="2" time="0.006144"/>
        <testcase name="test_can_lock_capabilities" file="/var/www/html/tests/Unit/Server/CapabilityManagerTest.php" line="180" class="JTD\LaravelMCP\Tests\Unit\Server\CapabilityManagerTest" classname="JTD.LaravelMCP.Tests.Unit.Server.CapabilityManagerTest" assertions="2" time="0.004592"/>
        <testcase name="test_gets_mcp10_requirements" file="/var/www/html/tests/Unit/Server/CapabilityManagerTest.php" line="266" class="JTD\LaravelMCP\Tests\Unit\Server\CapabilityManagerTest" classname="JTD.LaravelMCP.Tests.Unit.Server.CapabilityManagerTest" assertions="9" time="0.004521"/>
        <testcase name="test_creates_dynamic_capabilities" file="/var/www/html/tests/Unit/Server/CapabilityManagerTest.php" line="306" class="JTD\LaravelMCP\Tests\Unit\Server\CapabilityManagerTest" classname="JTD.LaravelMCP.Tests.Unit.Server.CapabilityManagerTest" assertions="4" time="0.005204"/>
        <testcase name="test_can_negotiate_capabilities_with_client" file="/var/www/html/tests/Unit/Server/CapabilityManagerTest.php" line="48" class="JTD\LaravelMCP\Tests\Unit\Server\CapabilityManagerTest" classname="JTD.LaravelMCP.Tests.Unit.Server.CapabilityManagerTest" assertions="4" time="0.006254"/>
        <testcase name="test_can_check_if_capability_is_enabled" file="/var/www/html/tests/Unit/Server/CapabilityManagerTest.php" line="87" class="JTD\LaravelMCP\Tests\Unit\Server\CapabilityManagerTest" classname="JTD.LaravelMCP.Tests.Unit.Server.CapabilityManagerTest" assertions="3" time="0.007662"/>
        <testcase name="test_can_get_capability_info" file="/var/www/html/tests/Unit/Server/CapabilityManagerTest.php" line="119" class="JTD\LaravelMCP\Tests\Unit\Server\CapabilityManagerTest" classname="JTD.LaravelMCP.Tests.Unit.Server.CapabilityManagerTest" assertions="2" time="0.005709"/>
        <testcase name="test_cannot_update_capabilities_after_negotiation" file="/var/www/html/tests/Unit/Server/CapabilityManagerTest.php" line="148" class="JTD\LaravelMCP\Tests\Unit\Server\CapabilityManagerTest" classname="JTD.LaravelMCP.Tests.Unit.Server.CapabilityManagerTest" assertions="2" time="0.005150"/>
        <testcase name="test_can_reset_capabilities" file="/var/www/html/tests/Unit/Server/CapabilityManagerTest.php" line="163" class="JTD\LaravelMCP\Tests\Unit\Server\CapabilityManagerTest" classname="JTD.LaravelMCP.Tests.Unit.Server.CapabilityManagerTest" assertions="3" time="0.005540"/>
        <testcase name="test_validates_resources_capability" file="/var/www/html/tests/Unit/Server/CapabilityManagerTest.php" line="224" class="JTD\LaravelMCP\Tests\Unit\Server\CapabilityManagerTest" classname="JTD.LaravelMCP.Tests.Unit.Server.CapabilityManagerTest" assertions="1" time="0.005164"/>
        <testcase name="test_validates_mcp10_compliance" file="/var/www/html/tests/Unit/Server/CapabilityManagerTest.php" line="283" class="JTD\LaravelMCP\Tests\Unit\Server\CapabilityManagerTest" classname="JTD.LaravelMCP.Tests.Unit.Server.CapabilityManagerTest" assertions="5" time="0.004999"/>
        <testcase name="test_prevents_double_negotiation" file="/var/www/html/tests/Unit/Server/CapabilityManagerTest.php" line="340" class="JTD\LaravelMCP\Tests\Unit\Server\CapabilityManagerTest" classname="JTD.LaravelMCP.Tests.Unit.Server.CapabilityManagerTest" assertions="1" time="0.005834"/>
        <testcase name="test_creates_minimal_capabilities_when_empty" file="/var/www/html/tests/Unit/Server/CapabilityManagerTest.php" line="354" class="JTD\LaravelMCP\Tests\Unit\Server\CapabilityManagerTest" classname="JTD.LaravelMCP.Tests.Unit.Server.CapabilityManagerTest" assertions="1" time="0.005425"/>
        <testcase name="test_gets_detailed_capability_info" file="/var/www/html/tests/Unit/Server/CapabilityManagerTest.php" line="320" class="JTD\LaravelMCP\Tests\Unit\Server\CapabilityManagerTest" classname="JTD.LaravelMCP.Tests.Unit.Server.CapabilityManagerTest" assertions="9" time="0.005447"/>
        <testcase name="test_can_check_if_feature_is_enabled" file="/var/www/html/tests/Unit/Server/CapabilityManagerTest.php" line="101" class="JTD\LaravelMCP\Tests\Unit\Server\CapabilityManagerTest" classname="JTD.LaravelMCP.Tests.Unit.Server.CapabilityManagerTest" assertions="3" time="0.005528"/>
        <testcase name="test_validates_logging_capability" file="/var/www/html/tests/Unit/Server/CapabilityManagerTest.php" line="238" class="JTD\LaravelMCP\Tests\Unit\Server\CapabilityManagerTest" classname="JTD.LaravelMCP.Tests.Unit.Server.CapabilityManagerTest" assertions="2" time="0.005025"/>
        <testcase name="test_adjusts_capabilities_for_empty_components" file="/var/www/html/tests/Unit/Server/CapabilityManagerTest.php" line="68" class="JTD\LaravelMCP\Tests\Unit\Server\CapabilityManagerTest" classname="JTD.LaravelMCP.Tests.Unit.Server.CapabilityManagerTest" assertions="3" time="0.006621"/>
        <testcase name="test_validates_tools_capability" file="/var/www/html/tests/Unit/Server/CapabilityManagerTest.php" line="189" class="JTD\LaravelMCP\Tests\Unit\Server\CapabilityManagerTest" classname="JTD.LaravelMCP.Tests.Unit.Server.CapabilityManagerTest" assertions="3" time="0.007612"/>
      </testsuite>
      <testsuite name="JTD\LaravelMCP\Tests\Unit\Server\Handlers\BaseHandlerTest" file="/var/www/html/tests/Unit/Server/Handlers/BaseHandlerTest.php" tests="34" assertions="74" errors="0" failures="0" skipped="0" time="0.215289">
        <testcase name="handle_exception_preserves_protocol_exception_details" file="/var/www/html/tests/Unit/Server/Handlers/BaseHandlerTest.php" line="280" class="JTD\LaravelMCP\Tests\Unit\Server\Handlers\BaseHandlerTest" classname="JTD.LaravelMCP.Tests.Unit.Server.Handlers.BaseHandlerTest" assertions="4" time="0.010132"/>
        <testsuite name="JTD\LaravelMCP\Tests\Unit\Server\Handlers\BaseHandlerTest::format_content_handles_different_types_correctly" tests="7" assertions="7" errors="0" failures="0" skipped="0" time="0.037292">
          <testcase name="format_content_handles_different_types_correctly with data set &quot;string as text&quot;" file="/var/www/html/tests/Unit/Server/Handlers/BaseHandlerTest.php" line="324" class="JTD\LaravelMCP\Tests\Unit\Server\Handlers\BaseHandlerTest" classname="JTD.LaravelMCP.Tests.Unit.Server.Handlers.BaseHandlerTest" assertions="1" time="0.007429"/>
          <testcase name="format_content_handles_different_types_correctly with data set &quot;array as text&quot;" file="/var/www/html/tests/Unit/Server/Handlers/BaseHandlerTest.php" line="324" class="JTD\LaravelMCP\Tests\Unit\Server\Handlers\BaseHandlerTest" classname="JTD.LaravelMCP.Tests.Unit.Server.Handlers.BaseHandlerTest" assertions="1" time="0.005374"/>
          <testcase name="format_content_handles_different_types_correctly with data set &quot;string as json&quot;" file="/var/www/html/tests/Unit/Server/Handlers/BaseHandlerTest.php" line="324" class="JTD\LaravelMCP\Tests\Unit\Server\Handlers\BaseHandlerTest" classname="JTD.LaravelMCP.Tests.Unit.Server.Handlers.BaseHandlerTest" assertions="1" time="0.004651"/>
          <testcase name="format_content_handles_different_types_correctly with data set &quot;array as json&quot;" file="/var/www/html/tests/Unit/Server/Handlers/BaseHandlerTest.php" line="324" class="JTD\LaravelMCP\Tests\Unit\Server\Handlers\BaseHandlerTest" classname="JTD.LaravelMCP.Tests.Unit.Server.Handlers.BaseHandlerTest" assertions="1" time="0.004457"/>
          <testcase name="format_content_handles_different_types_correctly with data set &quot;resource type&quot;" file="/var/www/html/tests/Unit/Server/Handlers/BaseHandlerTest.php" line="324" class="JTD\LaravelMCP\Tests\Unit\Server\Handlers\BaseHandlerTest" classname="JTD.LaravelMCP.Tests.Unit.Server.Handlers.BaseHandlerTest" assertions="1" time="0.006032"/>
          <testcase name="format_content_handles_different_types_correctly with data set &quot;unknown type defaults to text&quot;" file="/var/www/html/tests/Unit/Server/Handlers/BaseHandlerTest.php" line="324" class="JTD\LaravelMCP\Tests\Unit\Server\Handlers\BaseHandlerTest" classname="JTD.LaravelMCP.Tests.Unit.Server.Handlers.BaseHandlerTest" assertions="1" time="0.004631"/>
          <testcase name="format_content_handles_different_types_correctly with data set &quot;number as text&quot;" file="/var/www/html/tests/Unit/Server/Handlers/BaseHandlerTest.php" line="324" class="JTD\LaravelMCP\Tests\Unit\Server\Handlers\BaseHandlerTest" classname="JTD.LaravelMCP.Tests.Unit.Server.Handlers.BaseHandlerTest" assertions="1" time="0.004717"/>
        </testsuite>
        <testcase name="constructor_defaults_to_non_debug_mode" file="/var/www/html/tests/Unit/Server/Handlers/BaseHandlerTest.php" line="50" class="JTD\LaravelMCP\Tests\Unit\Server\Handlers\BaseHandlerTest" classname="JTD.LaravelMCP.Tests.Unit.Server.Handlers.BaseHandlerTest" assertions="1" time="0.005677"/>
        <testcase name="set_debug_updates_debug_mode" file="/var/www/html/tests/Unit/Server/Handlers/BaseHandlerTest.php" line="58" class="JTD\LaravelMCP\Tests\Unit\Server\Handlers\BaseHandlerTest" classname="JTD.LaravelMCP.Tests.Unit.Server.Handlers.BaseHandlerTest" assertions="3" time="0.004909"/>
        <testcase name="validate_request_passes_with_valid_parameters" file="/var/www/html/tests/Unit/Server/Handlers/BaseHandlerTest.php" line="70" class="JTD\LaravelMCP\Tests\Unit\Server\Handlers\BaseHandlerTest" classname="JTD.LaravelMCP.Tests.Unit.Server.Handlers.BaseHandlerTest" assertions="0" time="0.008142"/>
        <testcase name="validate_request_passes_with_empty_rules" file="/var/www/html/tests/Unit/Server/Handlers/BaseHandlerTest.php" line="82" class="JTD\LaravelMCP\Tests\Unit\Server\Handlers\BaseHandlerTest" classname="JTD.LaravelMCP.Tests.Unit.Server.Handlers.BaseHandlerTest" assertions="0" time="0.007577"/>
        <testcase name="validate_required_params_passes_with_all_required_present" file="/var/www/html/tests/Unit/Server/Handlers/BaseHandlerTest.php" line="132" class="JTD\LaravelMCP\Tests\Unit\Server\Handlers\BaseHandlerTest" classname="JTD.LaravelMCP.Tests.Unit.Server.Handlers.BaseHandlerTest" assertions="0" time="0.009192"/>
        <testcase name="validate_required_params_passes_with_empty_required_list" file="/var/www/html/tests/Unit/Server/Handlers/BaseHandlerTest.php" line="144" class="JTD\LaravelMCP\Tests\Unit\Server\Handlers\BaseHandlerTest" classname="JTD.LaravelMCP.Tests.Unit.Server.Handlers.BaseHandlerTest" assertions="0" time="0.007698"/>
        <testcase name="supports_method_returns_true_for_supported_methods" file="/var/www/html/tests/Unit/Server/Handlers/BaseHandlerTest.php" line="224" class="JTD\LaravelMCP\Tests\Unit\Server\Handlers\BaseHandlerTest" classname="JTD.LaravelMCP.Tests.Unit.Server.Handlers.BaseHandlerTest" assertions="2" time="0.005014"/>
        <testcase name="supports_method_returns_false_for_unsupported_methods" file="/var/www/html/tests/Unit/Server/Handlers/BaseHandlerTest.php" line="231" class="JTD\LaravelMCP\Tests\Unit\Server\Handlers\BaseHandlerTest" classname="JTD.LaravelMCP.Tests.Unit.Server.Handlers.BaseHandlerTest" assertions="2" time="0.004555"/>
        <testcase name="get_supported_methods_returns_expected_methods" file="/var/www/html/tests/Unit/Server/Handlers/BaseHandlerTest.php" line="238" class="JTD\LaravelMCP\Tests\Unit\Server\Handlers\BaseHandlerTest" classname="JTD.LaravelMCP.Tests.Unit.Server.Handlers.BaseHandlerTest" assertions="1" time="0.005361"/>
        <testcase name="sanitize_for_logging_removes_sensitive_keys" file="/var/www/html/tests/Unit/Server/Handlers/BaseHandlerTest.php" line="246" class="JTD\LaravelMCP\Tests\Unit\Server\Handlers\BaseHandlerTest" classname="JTD.LaravelMCP.Tests.Unit.Server.Handlers.BaseHandlerTest" assertions="8" time="0.004763"/>
        <testcase name="sanitize_for_logging_handles_empty_array" file="/var/www/html/tests/Unit/Server/Handlers/BaseHandlerTest.php" line="272" class="JTD\LaravelMCP\Tests\Unit\Server\Handlers\BaseHandlerTest" classname="JTD.LaravelMCP.Tests.Unit.Server.Handlers.BaseHandlerTest" assertions="1" time="0.004688"/>
        <testcase name="constructor_does_not_log_when_debug_disabled" file="/var/www/html/tests/Unit/Server/Handlers/BaseHandlerTest.php" line="423" class="JTD\LaravelMCP\Tests\Unit\Server\Handlers\BaseHandlerTest" classname="JTD.LaravelMCP.Tests.Unit.Server.Handlers.BaseHandlerTest" assertions="1" time="0.009441"/>
        <testcase name="constructor_sets_handler_name_and_debug_mode" file="/var/www/html/tests/Unit/Server/Handlers/BaseHandlerTest.php" line="41" class="JTD\LaravelMCP\Tests\Unit\Server\Handlers\BaseHandlerTest" classname="JTD.LaravelMCP.Tests.Unit.Server.Handlers.BaseHandlerTest" assertions="2" time="0.006103"/>
        <testcase name="validate_request_throws_protocol_exception_with_invalid_parameters" file="/var/www/html/tests/Unit/Server/Handlers/BaseHandlerTest.php" line="94" class="JTD\LaravelMCP\Tests\Unit\Server\Handlers\BaseHandlerTest" classname="JTD.LaravelMCP.Tests.Unit.Server.Handlers.BaseHandlerTest" assertions="3" time="0.009316"/>
        <testcase name="validate_request_throws_protocol_exception_with_missing_required_parameters" file="/var/www/html/tests/Unit/Server/Handlers/BaseHandlerTest.php" line="107" class="JTD\LaravelMCP\Tests\Unit\Server\Handlers\BaseHandlerTest" classname="JTD.LaravelMCP.Tests.Unit.Server.Handlers.BaseHandlerTest" assertions="2" time="0.006356"/>
        <testcase name="validate_request_uses_custom_error_messages" file="/var/www/html/tests/Unit/Server/Handlers/BaseHandlerTest.php" line="119" class="JTD\LaravelMCP\Tests\Unit\Server\Handlers\BaseHandlerTest" classname="JTD.LaravelMCP.Tests.Unit.Server.Handlers.BaseHandlerTest" assertions="2" time="0.005470"/>
        <testcase name="validate_required_params_throws_protocol_exception_with_missing_parameters" file="/var/www/html/tests/Unit/Server/Handlers/BaseHandlerTest.php" line="156" class="JTD\LaravelMCP\Tests\Unit\Server\Handlers\BaseHandlerTest" classname="JTD.LaravelMCP.Tests.Unit.Server.Handlers.BaseHandlerTest" assertions="3" time="0.004954"/>
        <testcase name="create_success_response_returns_result_without_metadata" file="/var/www/html/tests/Unit/Server/Handlers/BaseHandlerTest.php" line="169" class="JTD\LaravelMCP\Tests\Unit\Server\Handlers\BaseHandlerTest" classname="JTD.LaravelMCP.Tests.Unit.Server.Handlers.BaseHandlerTest" assertions="2" time="0.006232"/>
        <testcase name="create_success_response_adds_metadata_when_requested" file="/var/www/html/tests/Unit/Server/Handlers/BaseHandlerTest.php" line="180" class="JTD\LaravelMCP\Tests\Unit\Server\Handlers\BaseHandlerTest" classname="JTD.LaravelMCP.Tests.Unit.Server.Handlers.BaseHandlerTest" assertions="5" time="0.006617"/>
        <testcase name="create_error_response_returns_proper_structure" file="/var/www/html/tests/Unit/Server/Handlers/BaseHandlerTest.php" line="195" class="JTD\LaravelMCP\Tests\Unit\Server\Handlers\BaseHandlerTest" classname="JTD.LaravelMCP.Tests.Unit.Server.Handlers.BaseHandlerTest" assertions="4" time="0.007401"/>
        <testcase name="create_error_response_includes_data_when_provided" file="/var/www/html/tests/Unit/Server/Handlers/BaseHandlerTest.php" line="209" class="JTD\LaravelMCP\Tests\Unit\Server\Handlers\BaseHandlerTest" classname="JTD.LaravelMCP.Tests.Unit.Server.Handlers.BaseHandlerTest" assertions="4" time="0.006164"/>
        <testcase name="handle_exception_converts_generic_exception_to_internal_error" file="/var/www/html/tests/Unit/Server/Handlers/BaseHandlerTest.php" line="293" class="JTD\LaravelMCP\Tests\Unit\Server\Handlers\BaseHandlerTest" classname="JTD.LaravelMCP.Tests.Unit.Server.Handlers.BaseHandlerTest" assertions="4" time="0.006055"/>
        <testcase name="handle_exception_includes_debug_data_when_debug_enabled" file="/var/www/html/tests/Unit/Server/Handlers/BaseHandlerTest.php" line="306" class="JTD\LaravelMCP\Tests\Unit\Server\Handlers\BaseHandlerTest" classname="JTD.LaravelMCP.Tests.Unit.Server.Handlers.BaseHandlerTest" assertions="7" time="0.007336"/>
        <testcase name="logging_methods_use_handler_name_prefix" file="/var/www/html/tests/Unit/Server/Handlers/BaseHandlerTest.php" line="373" class="JTD\LaravelMCP\Tests\Unit\Server\Handlers\BaseHandlerTest" classname="JTD.LaravelMCP.Tests.Unit.Server.Handlers.BaseHandlerTest" assertions="4" time="0.005591"/>
        <testcase name="debug_logging_works_when_debug_enabled" file="/var/www/html/tests/Unit/Server/Handlers/BaseHandlerTest.php" line="398" class="JTD\LaravelMCP\Tests\Unit\Server\Handlers\BaseHandlerTest" classname="JTD.LaravelMCP.Tests.Unit.Server.Handlers.BaseHandlerTest" assertions="1" time="0.005498"/>
        <testcase name="constructor_logs_initialization_when_debug_enabled" file="/var/www/html/tests/Unit/Server/Handlers/BaseHandlerTest.php" line="411" class="JTD\LaravelMCP\Tests\Unit\Server\Handlers\BaseHandlerTest" classname="JTD.LaravelMCP.Tests.Unit.Server.Handlers.BaseHandlerTest" assertions="1" time="0.007758"/>
      </testsuite>
      <testsuite name="JTD\LaravelMCP\Tests\Unit\Server\Handlers\ResourceHandlerTest" file="/var/www/html/tests/Unit/Server/Handlers/ResourceHandlerTest.php" tests="37" assertions="95" errors="0" failures="0" skipped="0" time="0.239626">
        <testcase name="handle_resources_read_handles_array_content" file="/var/www/html/tests/Unit/Server/Handlers/ResourceHandlerTest.php" line="427" class="JTD\LaravelMCP\Tests\Unit\Server\Handlers\ResourceHandlerTest" classname="JTD.LaravelMCP.Tests.Unit.Server.Handlers.ResourceHandlerTest" assertions="5" time="0.007195"/>
        <testcase name="handle_resources_read_handles_pre_formatted_content" file="/var/www/html/tests/Unit/Server/Handlers/ResourceHandlerTest.php" line="452" class="JTD\LaravelMCP\Tests\Unit\Server\Handlers\ResourceHandlerTest" classname="JTD.LaravelMCP.Tests.Unit.Server.Handlers.ResourceHandlerTest" assertions="4" time="0.005357"/>
        <testcase name="handle_throws_protocol_exception_for_unsupported_method" file="/var/www/html/tests/Unit/Server/Handlers/ResourceHandlerTest.php" line="82" class="JTD\LaravelMCP\Tests\Unit\Server\Handlers\ResourceHandlerTest" classname="JTD.LaravelMCP.Tests.Unit.Server.Handlers.ResourceHandlerTest" assertions="3" time="0.004939"/>
        <testcase name="handle_resources_list_returns_resource_definitions" file="/var/www/html/tests/Unit/Server/Handlers/ResourceHandlerTest.php" line="108" class="JTD\LaravelMCP\Tests\Unit\Server\Handlers\ResourceHandlerTest" classname="JTD.LaravelMCP.Tests.Unit.Server.Handlers.ResourceHandlerTest" assertions="7" time="0.004983"/>
        <testcase name="handle_resources_list_handles_resource_definition_failures_gracefully" file="/var/www/html/tests/Unit/Server/Handlers/ResourceHandlerTest.php" line="135" class="JTD\LaravelMCP\Tests\Unit\Server\Handlers\ResourceHandlerTest" classname="JTD.LaravelMCP.Tests.Unit.Server.Handlers.ResourceHandlerTest" assertions="10" time="0.004791"/>
        <testcase name="handle_resources_list_validates_cursor_parameter" file="/var/www/html/tests/Unit/Server/Handlers/ResourceHandlerTest.php" line="178" class="JTD\LaravelMCP\Tests\Unit\Server\Handlers\ResourceHandlerTest" classname="JTD.LaravelMCP.Tests.Unit.Server.Handlers.ResourceHandlerTest" assertions="2" time="0.006833"/>
        <testcase name="handle_resources_read_validates_required_parameters" file="/var/www/html/tests/Unit/Server/Handlers/ResourceHandlerTest.php" line="238" class="JTD\LaravelMCP\Tests\Unit\Server\Handlers\ResourceHandlerTest" classname="JTD.LaravelMCP.Tests.Unit.Server.Handlers.ResourceHandlerTest" assertions="2" time="0.006801"/>
        <testcase name="handle_resources_read_validates_parameter_types" file="/var/www/html/tests/Unit/Server/Handlers/ResourceHandlerTest.php" line="247" class="JTD\LaravelMCP\Tests\Unit\Server\Handlers\ResourceHandlerTest" classname="JTD.LaravelMCP.Tests.Unit.Server.Handlers.ResourceHandlerTest" assertions="2" time="0.004938"/>
        <testcase name="handle_resources_read_throws_error_for_non_existent_resource" file="/var/www/html/tests/Unit/Server/Handlers/ResourceHandlerTest.php" line="256" class="JTD\LaravelMCP\Tests\Unit\Server\Handlers\ResourceHandlerTest" classname="JTD.LaravelMCP.Tests.Unit.Server.Handlers.ResourceHandlerTest" assertions="3" time="0.007774"/>
        <testcase name="handle_resources_read_reads_resource_with_read_method" file="/var/www/html/tests/Unit/Server/Handlers/ResourceHandlerTest.php" line="271" class="JTD\LaravelMCP\Tests\Unit\Server\Handlers\ResourceHandlerTest" classname="JTD.LaravelMCP.Tests.Unit.Server.Handlers.ResourceHandlerTest" assertions="3" time="0.007488"/>
        <testcase name="handle_resources_read_reads_resource_with_get_content_method" file="/var/www/html/tests/Unit/Server/Handlers/ResourceHandlerTest.php" line="301" class="JTD\LaravelMCP\Tests\Unit\Server\Handlers\ResourceHandlerTest" classname="JTD.LaravelMCP.Tests.Unit.Server.Handlers.ResourceHandlerTest" assertions="3" time="0.006111"/>
        <testcase name="handle_resources_read_reads_resource_with_invoke_method" file="/var/www/html/tests/Unit/Server/Handlers/ResourceHandlerTest.php" line="328" class="JTD\LaravelMCP\Tests\Unit\Server\Handlers\ResourceHandlerTest" classname="JTD.LaravelMCP.Tests.Unit.Server.Handlers.ResourceHandlerTest" assertions="3" time="0.006508"/>
        <testcase name="handle_resources_read_throws_error_for_non_readable_resource" file="/var/www/html/tests/Unit/Server/Handlers/ResourceHandlerTest.php" line="400" class="JTD\LaravelMCP\Tests\Unit\Server\Handlers\ResourceHandlerTest" classname="JTD.LaravelMCP.Tests.Unit.Server.Handlers.ResourceHandlerTest" assertions="3" time="0.006549"/>
        <testcase name="handle_resources_read_handles_execution_failures" file="/var/www/html/tests/Unit/Server/Handlers/ResourceHandlerTest.php" line="479" class="JTD\LaravelMCP\Tests\Unit\Server\Handlers\ResourceHandlerTest" classname="JTD.LaravelMCP.Tests.Unit.Server.Handlers.ResourceHandlerTest" assertions="3" time="0.005566"/>
        <testsuite name="JTD\LaravelMCP\Tests\Unit\Server\Handlers\ResourceHandlerTest::get_resource_uri_handles_different_uri_methods" tests="4" assertions="4" errors="0" failures="0" skipped="0" time="0.026025">
          <testcase name="get_resource_uri_handles_different_uri_methods with data set &quot;getUri method&quot;" file="/var/www/html/tests/Unit/Server/Handlers/ResourceHandlerTest.php" line="503" class="JTD\LaravelMCP\Tests\Unit\Server\Handlers\ResourceHandlerTest" classname="JTD.LaravelMCP.Tests.Unit.Server.Handlers.ResourceHandlerTest" assertions="1" time="0.007144"/>
          <testcase name="get_resource_uri_handles_different_uri_methods with data set &quot;uri method&quot;" file="/var/www/html/tests/Unit/Server/Handlers/ResourceHandlerTest.php" line="503" class="JTD\LaravelMCP\Tests\Unit\Server\Handlers\ResourceHandlerTest" classname="JTD.LaravelMCP.Tests.Unit.Server.Handlers.ResourceHandlerTest" assertions="1" time="0.006874"/>
          <testcase name="get_resource_uri_handles_different_uri_methods with data set &quot;uri property&quot;" file="/var/www/html/tests/Unit/Server/Handlers/ResourceHandlerTest.php" line="503" class="JTD\LaravelMCP\Tests\Unit\Server\Handlers\ResourceHandlerTest" classname="JTD.LaravelMCP.Tests.Unit.Server.Handlers.ResourceHandlerTest" assertions="1" time="0.006439"/>
          <testcase name="get_resource_uri_handles_different_uri_methods with data set &quot;no uri (default)&quot;" file="/var/www/html/tests/Unit/Server/Handlers/ResourceHandlerTest.php" line="503" class="JTD\LaravelMCP\Tests\Unit\Server\Handlers\ResourceHandlerTest" classname="JTD.LaravelMCP.Tests.Unit.Server.Handlers.ResourceHandlerTest" assertions="1" time="0.005569"/>
        </testsuite>
        <testsuite name="JTD\LaravelMCP\Tests\Unit\Server\Handlers\ResourceHandlerTest::get_resource_description_handles_different_description_methods" tests="4" assertions="4" errors="0" failures="0" skipped="0" time="0.024831">
          <testcase name="get_resource_description_handles_different_description_methods with data set &quot;getDescription method&quot;" file="/var/www/html/tests/Unit/Server/Handlers/ResourceHandlerTest.php" line="564" class="JTD\LaravelMCP\Tests\Unit\Server\Handlers\ResourceHandlerTest" classname="JTD.LaravelMCP.Tests.Unit.Server.Handlers.ResourceHandlerTest" assertions="1" time="0.005481"/>
          <testcase name="get_resource_description_handles_different_description_methods with data set &quot;description method&quot;" file="/var/www/html/tests/Unit/Server/Handlers/ResourceHandlerTest.php" line="564" class="JTD\LaravelMCP\Tests\Unit\Server\Handlers\ResourceHandlerTest" classname="JTD.LaravelMCP.Tests.Unit.Server.Handlers.ResourceHandlerTest" assertions="1" time="0.006088"/>
          <testcase name="get_resource_description_handles_different_description_methods with data set &quot;description property&quot;" file="/var/www/html/tests/Unit/Server/Handlers/ResourceHandlerTest.php" line="564" class="JTD\LaravelMCP\Tests\Unit\Server\Handlers\ResourceHandlerTest" classname="JTD.LaravelMCP.Tests.Unit.Server.Handlers.ResourceHandlerTest" assertions="1" time="0.005773"/>
          <testcase name="get_resource_description_handles_different_description_methods with data set &quot;no description&quot;" file="/var/www/html/tests/Unit/Server/Handlers/ResourceHandlerTest.php" line="564" class="JTD\LaravelMCP\Tests\Unit\Server\Handlers\ResourceHandlerTest" classname="JTD.LaravelMCP.Tests.Unit.Server.Handlers.ResourceHandlerTest" assertions="1" time="0.007490"/>
        </testsuite>
        <testsuite name="JTD\LaravelMCP\Tests\Unit\Server\Handlers\ResourceHandlerTest::get_resource_mime_type_handles_different_mime_type_methods" tests="4" assertions="4" errors="0" failures="0" skipped="0" time="0.027738">
          <testcase name="get_resource_mime_type_handles_different_mime_type_methods with data set &quot;getMimeType method&quot;" file="/var/www/html/tests/Unit/Server/Handlers/ResourceHandlerTest.php" line="624" class="JTD\LaravelMCP\Tests\Unit\Server\Handlers\ResourceHandlerTest" classname="JTD.LaravelMCP.Tests.Unit.Server.Handlers.ResourceHandlerTest" assertions="1" time="0.008667"/>
          <testcase name="get_resource_mime_type_handles_different_mime_type_methods with data set &quot;mimeType method&quot;" file="/var/www/html/tests/Unit/Server/Handlers/ResourceHandlerTest.php" line="624" class="JTD\LaravelMCP\Tests\Unit\Server\Handlers\ResourceHandlerTest" classname="JTD.LaravelMCP.Tests.Unit.Server.Handlers.ResourceHandlerTest" assertions="1" time="0.007791"/>
          <testcase name="get_resource_mime_type_handles_different_mime_type_methods with data set &quot;mimeType property&quot;" file="/var/www/html/tests/Unit/Server/Handlers/ResourceHandlerTest.php" line="624" class="JTD\LaravelMCP\Tests\Unit\Server\Handlers\ResourceHandlerTest" classname="JTD.LaravelMCP.Tests.Unit.Server.Handlers.ResourceHandlerTest" assertions="1" time="0.005148"/>
          <testcase name="get_resource_mime_type_handles_different_mime_type_methods with data set &quot;no mime type (default)&quot;" file="/var/www/html/tests/Unit/Server/Handlers/ResourceHandlerTest.php" line="624" class="JTD\LaravelMCP\Tests\Unit\Server\Handlers\ResourceHandlerTest" classname="JTD.LaravelMCP.Tests.Unit.Server.Handlers.ResourceHandlerTest" assertions="1" time="0.006132"/>
        </testsuite>
        <testsuite name="JTD\LaravelMCP\Tests\Unit\Server\Handlers\ResourceHandlerTest::get_resource_metadata_handles_different_metadata_methods" tests="3" assertions="10" errors="0" failures="0" skipped="0" time="0.018054">
          <testcase name="get_resource_metadata_handles_different_metadata_methods with data set &quot;getMetadata method&quot;" file="/var/www/html/tests/Unit/Server/Handlers/ResourceHandlerTest.php" line="683" class="JTD\LaravelMCP\Tests\Unit\Server\Handlers\ResourceHandlerTest" classname="JTD.LaravelMCP.Tests.Unit.Server.Handlers.ResourceHandlerTest" assertions="4" time="0.006534"/>
          <testcase name="get_resource_metadata_handles_different_metadata_methods with data set &quot;metadata property&quot;" file="/var/www/html/tests/Unit/Server/Handlers/ResourceHandlerTest.php" line="683" class="JTD\LaravelMCP\Tests\Unit\Server\Handlers\ResourceHandlerTest" classname="JTD.LaravelMCP.Tests.Unit.Server.Handlers.ResourceHandlerTest" assertions="4" time="0.005288"/>
          <testcase name="get_resource_metadata_handles_different_metadata_methods with data set &quot;no metadata&quot;" file="/var/www/html/tests/Unit/Server/Handlers/ResourceHandlerTest.php" line="683" class="JTD\LaravelMCP\Tests\Unit\Server\Handlers\ResourceHandlerTest" classname="JTD.LaravelMCP.Tests.Unit.Server.Handlers.ResourceHandlerTest" assertions="2" time="0.006231"/>
        </testsuite>
        <testcase name="constructor_sets_dependencies_and_handler_name" file="/var/www/html/tests/Unit/Server/Handlers/ResourceHandlerTest.php" line="51" class="JTD\LaravelMCP\Tests\Unit\Server\Handlers\ResourceHandlerTest" classname="JTD.LaravelMCP.Tests.Unit.Server.Handlers.ResourceHandlerTest" assertions="2" time="0.005181"/>
        <testcase name="get_supported_methods_returns_resource_methods" file="/var/www/html/tests/Unit/Server/Handlers/ResourceHandlerTest.php" line="60" class="JTD\LaravelMCP\Tests\Unit\Server\Handlers\ResourceHandlerTest" classname="JTD.LaravelMCP.Tests.Unit.Server.Handlers.ResourceHandlerTest" assertions="1" time="0.007664"/>
        <testcase name="supports_method_returns_true_for_supported_methods" file="/var/www/html/tests/Unit/Server/Handlers/ResourceHandlerTest.php" line="68" class="JTD\LaravelMCP\Tests\Unit\Server\Handlers\ResourceHandlerTest" classname="JTD.LaravelMCP.Tests.Unit.Server.Handlers.ResourceHandlerTest" assertions="2" time="0.009023"/>
        <testcase name="supports_method_returns_false_for_unsupported_methods" file="/var/www/html/tests/Unit/Server/Handlers/ResourceHandlerTest.php" line="75" class="JTD\LaravelMCP\Tests\Unit\Server\Handlers\ResourceHandlerTest" classname="JTD.LaravelMCP.Tests.Unit.Server.Handlers.ResourceHandlerTest" assertions="2" time="0.006886"/>
        <testcase name="handle_resources_list_returns_empty_resources_array_when_no_resources" file="/var/www/html/tests/Unit/Server/Handlers/ResourceHandlerTest.php" line="92" class="JTD\LaravelMCP\Tests\Unit\Server\Handlers\ResourceHandlerTest" classname="JTD.LaravelMCP.Tests.Unit.Server.Handlers.ResourceHandlerTest" assertions="4" time="0.005392"/>
        <testcase name="handle_resources_list_applies_cursor_pagination" file="/var/www/html/tests/Unit/Server/Handlers/ResourceHandlerTest.php" line="187" class="JTD\LaravelMCP\Tests\Unit\Server\Handlers\ResourceHandlerTest" classname="JTD.LaravelMCP.Tests.Unit.Server.Handlers.ResourceHandlerTest" assertions="3" time="0.006310"/>
        <testcase name="handle_resources_read_reads_callable_resource" file="/var/www/html/tests/Unit/Server/Handlers/ResourceHandlerTest.php" line="358" class="JTD\LaravelMCP\Tests\Unit\Server\Handlers\ResourceHandlerTest" classname="JTD.LaravelMCP.Tests.Unit.Server.Handlers.ResourceHandlerTest" assertions="2" time="0.006310"/>
        <testcase name="handle_resources_list_includes_next_cursor_when_more_resources_available" file="/var/www/html/tests/Unit/Server/Handlers/ResourceHandlerTest.php" line="213" class="JTD\LaravelMCP\Tests\Unit\Server\Handlers\ResourceHandlerTest" classname="JTD.LaravelMCP.Tests.Unit.Server.Handlers.ResourceHandlerTest" assertions="4" time="0.010378"/>
      </testsuite>
      <testsuite name="JTD\LaravelMCP\Tests\Unit\Server\Handlers\ToolHandlerTest" file="/var/www/html/tests/Unit/Server/Handlers/ToolHandlerTest.php" tests="35" assertions="76" errors="0" failures="0" skipped="0" time="0.240023">
        <testcase name="handle_tools_call_throws_error_for_non_executable_tool" file="/var/www/html/tests/Unit/Server/Handlers/ToolHandlerTest.php" line="367" class="JTD\LaravelMCP\Tests\Unit\Server\Handlers\ToolHandlerTest" classname="JTD.LaravelMCP.Tests.Unit.Server.Handlers.ToolHandlerTest" assertions="2" time="0.005179"/>
        <testcase name="handle_throws_protocol_exception_for_unsupported_method" file="/var/www/html/tests/Unit/Server/Handlers/ToolHandlerTest.php" line="82" class="JTD\LaravelMCP\Tests\Unit\Server\Handlers\ToolHandlerTest" classname="JTD.LaravelMCP.Tests.Unit.Server.Handlers.ToolHandlerTest" assertions="3" time="0.006759"/>
        <testcase name="handle_tools_list_returns_tool_definitions" file="/var/www/html/tests/Unit/Server/Handlers/ToolHandlerTest.php" line="108" class="JTD\LaravelMCP\Tests\Unit\Server\Handlers\ToolHandlerTest" classname="JTD.LaravelMCP.Tests.Unit.Server.Handlers.ToolHandlerTest" assertions="5" time="0.007515"/>
        <testcase name="handle_tools_list_handles_tool_definition_failures_gracefully" file="/var/www/html/tests/Unit/Server/Handlers/ToolHandlerTest.php" line="137" class="JTD\LaravelMCP\Tests\Unit\Server\Handlers\ToolHandlerTest" classname="JTD.LaravelMCP.Tests.Unit.Server.Handlers.ToolHandlerTest" assertions="8" time="0.008496"/>
        <testcase name="handle_tools_list_validates_cursor_parameter" file="/var/www/html/tests/Unit/Server/Handlers/ToolHandlerTest.php" line="176" class="JTD\LaravelMCP\Tests\Unit\Server\Handlers\ToolHandlerTest" classname="JTD.LaravelMCP.Tests.Unit.Server.Handlers.ToolHandlerTest" assertions="2" time="0.005526"/>
        <testcase name="handle_tools_call_validates_required_parameters" file="/var/www/html/tests/Unit/Server/Handlers/ToolHandlerTest.php" line="236" class="JTD\LaravelMCP\Tests\Unit\Server\Handlers\ToolHandlerTest" classname="JTD.LaravelMCP.Tests.Unit.Server.Handlers.ToolHandlerTest" assertions="2" time="0.006270"/>
        <testcase name="handle_tools_call_validates_parameter_types" file="/var/www/html/tests/Unit/Server/Handlers/ToolHandlerTest.php" line="245" class="JTD\LaravelMCP\Tests\Unit\Server\Handlers\ToolHandlerTest" classname="JTD.LaravelMCP.Tests.Unit.Server.Handlers.ToolHandlerTest" assertions="2" time="0.005603"/>
        <testcase name="handle_tools_call_throws_error_for_non_existent_tool" file="/var/www/html/tests/Unit/Server/Handlers/ToolHandlerTest.php" line="254" class="JTD\LaravelMCP\Tests\Unit\Server\Handlers\ToolHandlerTest" classname="JTD.LaravelMCP.Tests.Unit.Server.Handlers.ToolHandlerTest" assertions="3" time="0.006329"/>
        <testcase name="handle_tools_call_executes_tool_with_execute_method" file="/var/www/html/tests/Unit/Server/Handlers/ToolHandlerTest.php" line="270" class="JTD\LaravelMCP\Tests\Unit\Server\Handlers\ToolHandlerTest" classname="JTD.LaravelMCP.Tests.Unit.Server.Handlers.ToolHandlerTest" assertions="6" time="0.005784"/>
        <testcase name="handle_tools_call_executes_tool_with_invoke_method" file="/var/www/html/tests/Unit/Server/Handlers/ToolHandlerTest.php" line="304" class="JTD\LaravelMCP\Tests\Unit\Server\Handlers\ToolHandlerTest" classname="JTD.LaravelMCP.Tests.Unit.Server.Handlers.ToolHandlerTest" assertions="3" time="0.008561"/>
        <testcase name="handle_tools_call_executes_callable_tool" file="/var/www/html/tests/Unit/Server/Handlers/ToolHandlerTest.php" line="339" class="JTD\LaravelMCP\Tests\Unit\Server\Handlers\ToolHandlerTest" classname="JTD.LaravelMCP.Tests.Unit.Server.Handlers.ToolHandlerTest" assertions="2" time="0.006487"/>
        <testcase name="handle_tools_call_validates_arguments_if_tool_supports_it" file="/var/www/html/tests/Unit/Server/Handlers/ToolHandlerTest.php" line="393" class="JTD\LaravelMCP\Tests\Unit\Server\Handlers\ToolHandlerTest" classname="JTD.LaravelMCP.Tests.Unit.Server.Handlers.ToolHandlerTest" assertions="3" time="0.005454"/>
        <testcase name="handle_tools_call_skips_validation_if_tool_does_not_support_it" file="/var/www/html/tests/Unit/Server/Handlers/ToolHandlerTest.php" line="424" class="JTD\LaravelMCP\Tests\Unit\Server\Handlers\ToolHandlerTest" classname="JTD.LaravelMCP.Tests.Unit.Server.Handlers.ToolHandlerTest" assertions="1" time="0.006678"/>
        <testcase name="handle_tools_call_returns_error_response_for_execution_failures" file="/var/www/html/tests/Unit/Server/Handlers/ToolHandlerTest.php" line="453" class="JTD\LaravelMCP\Tests\Unit\Server\Handlers\ToolHandlerTest" classname="JTD.LaravelMCP.Tests.Unit.Server.Handlers.ToolHandlerTest" assertions="2" time="0.005906"/>
        <testcase name="handle_tools_call_uses_default_empty_arguments_when_not_provided" file="/var/www/html/tests/Unit/Server/Handlers/ToolHandlerTest.php" line="481" class="JTD\LaravelMCP\Tests\Unit\Server\Handlers\ToolHandlerTest" classname="JTD.LaravelMCP.Tests.Unit.Server.Handlers.ToolHandlerTest" assertions="1" time="0.005198"/>
        <testsuite name="JTD\LaravelMCP\Tests\Unit\Server\Handlers\ToolHandlerTest::get_tool_description_handles_different_description_methods" tests="4" assertions="4" errors="0" failures="0" skipped="0" time="0.032984">
          <testcase name="get_tool_description_handles_different_description_methods with data set &quot;getDescription method&quot;" file="/var/www/html/tests/Unit/Server/Handlers/ToolHandlerTest.php" line="511" class="JTD\LaravelMCP\Tests\Unit\Server\Handlers\ToolHandlerTest" classname="JTD.LaravelMCP.Tests.Unit.Server.Handlers.ToolHandlerTest" assertions="1" time="0.007486"/>
          <testcase name="get_tool_description_handles_different_description_methods with data set &quot;description method&quot;" file="/var/www/html/tests/Unit/Server/Handlers/ToolHandlerTest.php" line="511" class="JTD\LaravelMCP\Tests\Unit\Server\Handlers\ToolHandlerTest" classname="JTD.LaravelMCP.Tests.Unit.Server.Handlers.ToolHandlerTest" assertions="1" time="0.008697"/>
          <testcase name="get_tool_description_handles_different_description_methods with data set &quot;description property&quot;" file="/var/www/html/tests/Unit/Server/Handlers/ToolHandlerTest.php" line="511" class="JTD\LaravelMCP\Tests\Unit\Server\Handlers\ToolHandlerTest" classname="JTD.LaravelMCP.Tests.Unit.Server.Handlers.ToolHandlerTest" assertions="1" time="0.008291"/>
          <testcase name="get_tool_description_handles_different_description_methods with data set &quot;no description&quot;" file="/var/www/html/tests/Unit/Server/Handlers/ToolHandlerTest.php" line="511" class="JTD\LaravelMCP\Tests\Unit\Server\Handlers\ToolHandlerTest" classname="JTD.LaravelMCP.Tests.Unit.Server.Handlers.ToolHandlerTest" assertions="1" time="0.008510"/>
        </testsuite>
        <testsuite name="JTD\LaravelMCP\Tests\Unit\Server\Handlers\ToolHandlerTest::get_tool_input_schema_handles_different_schema_methods" tests="4" assertions="4" errors="0" failures="0" skipped="0" time="0.024680">
          <testcase name="get_tool_input_schema_handles_different_schema_methods with data set &quot;getInputSchema method&quot;" file="/var/www/html/tests/Unit/Server/Handlers/ToolHandlerTest.php" line="557" class="JTD\LaravelMCP\Tests\Unit\Server\Handlers\ToolHandlerTest" classname="JTD.LaravelMCP.Tests.Unit.Server.Handlers.ToolHandlerTest" assertions="1" time="0.006928"/>
          <testcase name="get_tool_input_schema_handles_different_schema_methods with data set &quot;inputSchema method&quot;" file="/var/www/html/tests/Unit/Server/Handlers/ToolHandlerTest.php" line="557" class="JTD\LaravelMCP\Tests\Unit\Server\Handlers\ToolHandlerTest" classname="JTD.LaravelMCP.Tests.Unit.Server.Handlers.ToolHandlerTest" assertions="1" time="0.005498"/>
          <testcase name="get_tool_input_schema_handles_different_schema_methods with data set &quot;inputSchema property&quot;" file="/var/www/html/tests/Unit/Server/Handlers/ToolHandlerTest.php" line="557" class="JTD\LaravelMCP\Tests\Unit\Server\Handlers\ToolHandlerTest" classname="JTD.LaravelMCP.Tests.Unit.Server.Handlers.ToolHandlerTest" assertions="1" time="0.006189"/>
          <testcase name="get_tool_input_schema_handles_different_schema_methods with data set &quot;no input schema&quot;" file="/var/www/html/tests/Unit/Server/Handlers/ToolHandlerTest.php" line="557" class="JTD\LaravelMCP\Tests\Unit\Server\Handlers\ToolHandlerTest" classname="JTD.LaravelMCP.Tests.Unit.Server.Handlers.ToolHandlerTest" assertions="1" time="0.006065"/>
        </testsuite>
        <testsuite name="JTD\LaravelMCP\Tests\Unit\Server\Handlers\ToolHandlerTest::get_content_type_determines_correct_type" tests="5" assertions="5" errors="0" failures="0" skipped="0" time="0.032902">
          <testcase name="get_content_type_determines_correct_type with data set &quot;string content&quot;" file="/var/www/html/tests/Unit/Server/Handlers/ToolHandlerTest.php" line="620" class="JTD\LaravelMCP\Tests\Unit\Server\Handlers\ToolHandlerTest" classname="JTD.LaravelMCP.Tests.Unit.Server.Handlers.ToolHandlerTest" assertions="1" time="0.006152"/>
          <testcase name="get_content_type_determines_correct_type with data set &quot;array content&quot;" file="/var/www/html/tests/Unit/Server/Handlers/ToolHandlerTest.php" line="620" class="JTD\LaravelMCP\Tests\Unit\Server\Handlers\ToolHandlerTest" classname="JTD.LaravelMCP.Tests.Unit.Server.Handlers.ToolHandlerTest" assertions="1" time="0.005975"/>
          <testcase name="get_content_type_determines_correct_type with data set &quot;object content&quot;" file="/var/www/html/tests/Unit/Server/Handlers/ToolHandlerTest.php" line="620" class="JTD\LaravelMCP\Tests\Unit\Server\Handlers\ToolHandlerTest" classname="JTD.LaravelMCP.Tests.Unit.Server.Handlers.ToolHandlerTest" assertions="1" time="0.005376"/>
          <testcase name="get_content_type_determines_correct_type with data set &quot;number content&quot;" file="/var/www/html/tests/Unit/Server/Handlers/ToolHandlerTest.php" line="620" class="JTD\LaravelMCP\Tests\Unit\Server\Handlers\ToolHandlerTest" classname="JTD.LaravelMCP.Tests.Unit.Server.Handlers.ToolHandlerTest" assertions="1" time="0.007522"/>
          <testcase name="get_content_type_determines_correct_type with data set &quot;boolean content&quot;" file="/var/www/html/tests/Unit/Server/Handlers/ToolHandlerTest.php" line="620" class="JTD\LaravelMCP\Tests\Unit\Server\Handlers\ToolHandlerTest" classname="JTD.LaravelMCP.Tests.Unit.Server.Handlers.ToolHandlerTest" assertions="1" time="0.007877"/>
        </testsuite>
        <testcase name="get_supported_methods_returns_tool_methods" file="/var/www/html/tests/Unit/Server/Handlers/ToolHandlerTest.php" line="60" class="JTD\LaravelMCP\Tests\Unit\Server\Handlers\ToolHandlerTest" classname="JTD.LaravelMCP.Tests.Unit.Server.Handlers.ToolHandlerTest" assertions="1" time="0.009079"/>
        <testcase name="supports_method_returns_false_for_unsupported_methods" file="/var/www/html/tests/Unit/Server/Handlers/ToolHandlerTest.php" line="75" class="JTD\LaravelMCP\Tests\Unit\Server\Handlers\ToolHandlerTest" classname="JTD.LaravelMCP.Tests.Unit.Server.Handlers.ToolHandlerTest" assertions="2" time="0.008092"/>
        <testcase name="constructor_sets_dependencies_and_handler_name" file="/var/www/html/tests/Unit/Server/Handlers/ToolHandlerTest.php" line="51" class="JTD\LaravelMCP\Tests\Unit\Server\Handlers\ToolHandlerTest" classname="JTD.LaravelMCP.Tests.Unit.Server.Handlers.ToolHandlerTest" assertions="2" time="0.006013"/>
        <testcase name="supports_method_returns_true_for_supported_methods" file="/var/www/html/tests/Unit/Server/Handlers/ToolHandlerTest.php" line="68" class="JTD\LaravelMCP\Tests\Unit\Server\Handlers\ToolHandlerTest" classname="JTD.LaravelMCP.Tests.Unit.Server.Handlers.ToolHandlerTest" assertions="2" time="0.007434"/>
        <testcase name="handle_tools_list_returns_empty_tools_array_when_no_tools" file="/var/www/html/tests/Unit/Server/Handlers/ToolHandlerTest.php" line="92" class="JTD\LaravelMCP\Tests\Unit\Server\Handlers\ToolHandlerTest" classname="JTD.LaravelMCP.Tests.Unit.Server.Handlers.ToolHandlerTest" assertions="4" time="0.006250"/>
        <testcase name="handle_tools_list_applies_cursor_pagination" file="/var/www/html/tests/Unit/Server/Handlers/ToolHandlerTest.php" line="185" class="JTD\LaravelMCP\Tests\Unit\Server\Handlers\ToolHandlerTest" classname="JTD.LaravelMCP.Tests.Unit.Server.Handlers.ToolHandlerTest" assertions="3" time="0.007033"/>
        <testcase name="handle_tools_list_includes_next_cursor_when_more_tools_available" file="/var/www/html/tests/Unit/Server/Handlers/ToolHandlerTest.php" line="211" class="JTD\LaravelMCP\Tests\Unit\Server\Handlers\ToolHandlerTest" classname="JTD.LaravelMCP.Tests.Unit.Server.Handlers.ToolHandlerTest" assertions="4" time="0.009810"/>
      </testsuite>
      <testsuite name="JTD\LaravelMCP\Tests\Unit\Server\McpServerTest" file="/var/www/html/tests/Unit/Server/McpServerTest.php" tests="27" assertions="65" errors="0" failures="0" skipped="0" time="1.198626">
        <testcase name="test_can_initialize_server" file="/var/www/html/tests/Unit/Server/McpServerTest.php" line="86" class="JTD\LaravelMCP\Tests\Unit\Server\McpServerTest" classname="JTD.LaravelMCP.Tests.Unit.Server.McpServerTest" assertions="5" time="0.018391"/>
        <testcase name="test_cannot_initialize_server_twice" file="/var/www/html/tests/Unit/Server/McpServerTest.php" line="129" class="JTD\LaravelMCP\Tests\Unit\Server\McpServerTest" classname="JTD.LaravelMCP.Tests.Unit.Server.McpServerTest" assertions="1" time="0.006588"/>
        <testcase name="test_can_start_server_after_initialization" file="/var/www/html/tests/Unit/Server/McpServerTest.php" line="152" class="JTD\LaravelMCP\Tests\Unit\Server\McpServerTest" classname="JTD.LaravelMCP.Tests.Unit.Server.McpServerTest" assertions="1" time="0.005453"/>
        <testcase name="test_start_is_idempotent" file="/var/www/html/tests/Unit/Server/McpServerTest.php" line="178" class="JTD\LaravelMCP\Tests\Unit\Server\McpServerTest" classname="JTD.LaravelMCP.Tests.Unit.Server.McpServerTest" assertions="1" time="0.006055"/>
        <testcase name="test_can_stop_running_server" file="/var/www/html/tests/Unit/Server/McpServerTest.php" line="193" class="JTD\LaravelMCP\Tests\Unit\Server\McpServerTest" classname="JTD.LaravelMCP.Tests.Unit.Server.McpServerTest" assertions="1" time="0.005189"/>
        <testcase name="test_stop_is_idempotent" file="/var/www/html/tests/Unit/Server/McpServerTest.php" line="206" class="JTD\LaravelMCP\Tests\Unit\Server\McpServerTest" classname="JTD.LaravelMCP.Tests.Unit.Server.McpServerTest" assertions="1" time="0.005528"/>
        <testcase name="test_can_get_server_status" file="/var/www/html/tests/Unit/Server/McpServerTest.php" line="233" class="JTD\LaravelMCP\Tests\Unit\Server\McpServerTest" classname="JTD.LaravelMCP.Tests.Unit.Server.McpServerTest" assertions="8" time="0.006830"/>
        <testcase name="test_can_shutdown_gracefully" file="/var/www/html/tests/Unit/Server/McpServerTest.php" line="401" class="JTD\LaravelMCP\Tests\Unit\Server\McpServerTest" classname="JTD.LaravelMCP.Tests.Unit.Server.McpServerTest" assertions="1" time="0.007903"/>
        <testcase name="test_can_increment_request_count" file="/var/www/html/tests/Unit/Server/McpServerTest.php" line="414" class="JTD\LaravelMCP\Tests\Unit\Server\McpServerTest" classname="JTD.LaravelMCP.Tests.Unit.Server.McpServerTest" assertions="1" time="0.007349"/>
        <testcase name="test_can_increment_error_count" file="/var/www/html/tests/Unit/Server/McpServerTest.php" line="424" class="JTD\LaravelMCP\Tests\Unit\Server\McpServerTest" classname="JTD.LaravelMCP.Tests.Unit.Server.McpServerTest" assertions="1" time="0.005964"/>
        <testcase name="test_handles_start_errors" file="/var/www/html/tests/Unit/Server/McpServerTest.php" line="467" class="JTD\LaravelMCP\Tests\Unit\Server\McpServerTest" classname="JTD.LaravelMCP.Tests.Unit.Server.McpServerTest" assertions="2" time="0.005995"/>
        <testcase name="test_handles_stop_errors" file="/var/www/html/tests/Unit/Server/McpServerTest.php" line="481" class="JTD\LaravelMCP\Tests\Unit\Server\McpServerTest" classname="JTD.LaravelMCP.Tests.Unit.Server.McpServerTest" assertions="2" time="0.007298"/>
        <testcase name="test_can_restart_server" file="/var/www/html/tests/Unit/Server/McpServerTest.php" line="220" class="JTD\LaravelMCP\Tests\Unit\Server\McpServerTest" classname="JTD.LaravelMCP.Tests.Unit.Server.McpServerTest" assertions="1" time="1.007341"/>
        <testcase name="test_implements_server_interface" file="/var/www/html/tests/Unit/Server/McpServerTest.php" line="70" class="JTD\LaravelMCP\Tests\Unit\Server\McpServerTest" classname="JTD.LaravelMCP.Tests.Unit.Server.McpServerTest" assertions="1" time="0.006435"/>
        <testcase name="test_can_create_server_instance" file="/var/www/html/tests/Unit/Server/McpServerTest.php" line="75" class="JTD\LaravelMCP\Tests\Unit\Server\McpServerTest" classname="JTD.LaravelMCP.Tests.Unit.Server.McpServerTest" assertions="1" time="0.006034"/>
        <testcase name="test_server_starts_uninitialized_and_not_running" file="/var/www/html/tests/Unit/Server/McpServerTest.php" line="80" class="JTD\LaravelMCP\Tests\Unit\Server\McpServerTest" classname="JTD.LaravelMCP.Tests.Unit.Server.McpServerTest" assertions="2" time="0.004896"/>
        <testcase name="test_cannot_start_uninitialized_server" file="/var/www/html/tests/Unit/Server/McpServerTest.php" line="170" class="JTD\LaravelMCP\Tests\Unit\Server\McpServerTest" classname="JTD.LaravelMCP.Tests.Unit.Server.McpServerTest" assertions="2" time="0.011562"/>
        <testcase name="test_can_get_server_info" file="/var/www/html/tests/Unit/Server/McpServerTest.php" line="284" class="JTD\LaravelMCP\Tests\Unit\Server\McpServerTest" classname="JTD.LaravelMCP.Tests.Unit.Server.McpServerTest" assertions="1" time="0.009001"/>
        <testcase name="test_can_get_capabilities" file="/var/www/html/tests/Unit/Server/McpServerTest.php" line="301" class="JTD\LaravelMCP\Tests\Unit\Server\McpServerTest" classname="JTD.LaravelMCP.Tests.Unit.Server.McpServerTest" assertions="1" time="0.008143"/>
        <testcase name="test_can_get_uptime" file="/var/www/html/tests/Unit/Server/McpServerTest.php" line="359" class="JTD\LaravelMCP\Tests\Unit\Server\McpServerTest" classname="JTD.LaravelMCP.Tests.Unit.Server.McpServerTest" assertions="1" time="0.006863"/>
        <testcase name="test_can_get_server_health" file="/var/www/html/tests/Unit/Server/McpServerTest.php" line="249" class="JTD\LaravelMCP\Tests\Unit\Server\McpServerTest" classname="JTD.LaravelMCP.Tests.Unit.Server.McpServerTest" assertions="10" time="0.005962"/>
        <testcase name="test_can_set_and_get_configuration" file="/var/www/html/tests/Unit/Server/McpServerTest.php" line="314" class="JTD\LaravelMCP\Tests\Unit\Server\McpServerTest" classname="JTD.LaravelMCP.Tests.Unit.Server.McpServerTest" assertions="2" time="0.006297"/>
        <testcase name="test_can_register_transport" file="/var/www/html/tests/Unit/Server/McpServerTest.php" line="325" class="JTD\LaravelMCP\Tests\Unit\Server\McpServerTest" classname="JTD.LaravelMCP.Tests.Unit.Server.McpServerTest" assertions="1" time="0.005387"/>
        <testcase name="test_can_remove_transport" file="/var/www/html/tests/Unit/Server/McpServerTest.php" line="340" class="JTD\LaravelMCP\Tests\Unit\Server\McpServerTest" classname="JTD.LaravelMCP.Tests.Unit.Server.McpServerTest" assertions="1" time="0.005577"/>
        <testcase name="test_can_get_metrics" file="/var/www/html/tests/Unit/Server/McpServerTest.php" line="372" class="JTD\LaravelMCP\Tests\Unit\Server\McpServerTest" classname="JTD.LaravelMCP.Tests.Unit.Server.McpServerTest" assertions="8" time="0.006075"/>
        <testcase name="test_handles_initialization_errors" file="/var/www/html/tests/Unit/Server/McpServerTest.php" line="455" class="JTD\LaravelMCP\Tests\Unit\Server\McpServerTest" classname="JTD.LaravelMCP.Tests.Unit.Server.McpServerTest" assertions="2" time="0.007808"/>
        <testcase name="test_can_get_diagnostics" file="/var/www/html/tests/Unit/Server/McpServerTest.php" line="434" class="JTD\LaravelMCP\Tests\Unit\Server\McpServerTest" classname="JTD.LaravelMCP.Tests.Unit.Server.McpServerTest" assertions="6" time="0.012702"/>
      </testsuite>
      <testsuite name="JTD\LaravelMCP\Tests\Unit\Server\ServerInfoTest" file="/var/www/html/tests/Unit/Server/ServerInfoTest.php" tests="26" assertions="72" errors="0" failures="0" skipped="0" time="1.153777">
        <testcase name="test_implementation_info_is_correct" file="/var/www/html/tests/Unit/Server/ServerInfoTest.php" line="265" class="JTD\LaravelMCP\Tests\Unit\Server\ServerInfoTest" classname="JTD.LaravelMCP.Tests.Unit.Server.ServerInfoTest" assertions="5" time="0.004787"/>
        <testcase name="test_can_create_server_info_instance" file="/var/www/html/tests/Unit/Server/ServerInfoTest.php" line="20" class="JTD\LaravelMCP\Tests\Unit\Server\ServerInfoTest" classname="JTD.LaravelMCP.Tests.Unit.Server.ServerInfoTest" assertions="1" time="0.004918"/>
        <testcase name="test_can_get_basic_info" file="/var/www/html/tests/Unit/Server/ServerInfoTest.php" line="40" class="JTD\LaravelMCP\Tests\Unit\Server\ServerInfoTest" classname="JTD.LaravelMCP.Tests.Unit.Server.ServerInfoTest" assertions="3" time="0.005076"/>
        <testcase name="test_can_get_protocol_version" file="/var/www/html/tests/Unit/Server/ServerInfoTest.php" line="49" class="JTD\LaravelMCP\Tests\Unit\Server\ServerInfoTest" classname="JTD.LaravelMCP.Tests.Unit.Server.ServerInfoTest" assertions="1" time="0.004545"/>
        <testcase name="test_can_get_uptime" file="/var/www/html/tests/Unit/Server/ServerInfoTest.php" line="56" class="JTD\LaravelMCP\Tests\Unit\Server\ServerInfoTest" classname="JTD.LaravelMCP.Tests.Unit.Server.ServerInfoTest" assertions="3" time="0.005401"/>
        <testcase name="test_can_get_start_time" file="/var/www/html/tests/Unit/Server/ServerInfoTest.php" line="64" class="JTD\LaravelMCP\Tests\Unit\Server\ServerInfoTest" classname="JTD.LaravelMCP.Tests.Unit.Server.ServerInfoTest" assertions="3" time="0.005627"/>
        <testcase name="test_can_get_version" file="/var/www/html/tests/Unit/Server/ServerInfoTest.php" line="80" class="JTD\LaravelMCP\Tests\Unit\Server\ServerInfoTest" classname="JTD.LaravelMCP.Tests.Unit.Server.ServerInfoTest" assertions="2" time="0.006200"/>
        <testcase name="test_can_get_description" file="/var/www/html/tests/Unit/Server/ServerInfoTest.php" line="88" class="JTD\LaravelMCP\Tests\Unit\Server\ServerInfoTest" classname="JTD.LaravelMCP.Tests.Unit.Server.ServerInfoTest" assertions="2" time="0.007167"/>
        <testcase name="test_can_get_vendor" file="/var/www/html/tests/Unit/Server/ServerInfoTest.php" line="96" class="JTD\LaravelMCP\Tests\Unit\Server\ServerInfoTest" classname="JTD.LaravelMCP.Tests.Unit.Server.ServerInfoTest" assertions="2" time="0.004735"/>
        <testcase name="test_can_set_name" file="/var/www/html/tests/Unit/Server/ServerInfoTest.php" line="104" class="JTD\LaravelMCP\Tests\Unit\Server\ServerInfoTest" classname="JTD.LaravelMCP.Tests.Unit.Server.ServerInfoTest" assertions="1" time="0.004957"/>
        <testcase name="test_can_set_version" file="/var/www/html/tests/Unit/Server/ServerInfoTest.php" line="112" class="JTD\LaravelMCP\Tests\Unit\Server\ServerInfoTest" classname="JTD.LaravelMCP.Tests.Unit.Server.ServerInfoTest" assertions="1" time="0.005550"/>
        <testcase name="test_can_set_description" file="/var/www/html/tests/Unit/Server/ServerInfoTest.php" line="120" class="JTD\LaravelMCP\Tests\Unit\Server\ServerInfoTest" classname="JTD.LaravelMCP.Tests.Unit.Server.ServerInfoTest" assertions="1" time="0.006252"/>
        <testcase name="test_can_update_server_info" file="/var/www/html/tests/Unit/Server/ServerInfoTest.php" line="136" class="JTD\LaravelMCP\Tests\Unit\Server\ServerInfoTest" classname="JTD.LaravelMCP.Tests.Unit.Server.ServerInfoTest" assertions="2" time="0.005154"/>
        <testcase name="test_can_update_runtime_info" file="/var/www/html/tests/Unit/Server/ServerInfoTest.php" line="149" class="JTD\LaravelMCP\Tests\Unit\Server\ServerInfoTest" classname="JTD.LaravelMCP.Tests.Unit.Server.ServerInfoTest" assertions="2" time="0.006026"/>
        <testcase name="test_can_get_status" file="/var/www/html/tests/Unit/Server/ServerInfoTest.php" line="162" class="JTD\LaravelMCP\Tests\Unit\Server\ServerInfoTest" classname="JTD.LaravelMCP.Tests.Unit.Server.ServerInfoTest" assertions="7" time="0.005590"/>
        <testcase name="test_can_get_formatted_uptime" file="/var/www/html/tests/Unit/Server/ServerInfoTest.php" line="185" class="JTD\LaravelMCP\Tests\Unit\Server\ServerInfoTest" classname="JTD.LaravelMCP.Tests.Unit.Server.ServerInfoTest" assertions="2" time="0.005186"/>
        <testcase name="test_can_convert_to_json" file="/var/www/html/tests/Unit/Server/ServerInfoTest.php" line="204" class="JTD\LaravelMCP\Tests\Unit\Server\ServerInfoTest" classname="JTD.LaravelMCP.Tests.Unit.Server.ServerInfoTest" assertions="3" time="0.006993"/>
        <testcase name="test_can_convert_to_array" file="/var/www/html/tests/Unit/Server/ServerInfoTest.php" line="215" class="JTD\LaravelMCP\Tests\Unit\Server\ServerInfoTest" classname="JTD.LaravelMCP.Tests.Unit.Server.ServerInfoTest" assertions="3" time="0.005541"/>
        <testcase name="test_respects_configuration" file="/var/www/html/tests/Unit/Server/ServerInfoTest.php" line="224" class="JTD\LaravelMCP\Tests\Unit\Server\ServerInfoTest" classname="JTD.LaravelMCP.Tests.Unit.Server.ServerInfoTest" assertions="4" time="0.005322"/>
        <testcase name="test_runtime_info_contains_required_fields" file="/var/www/html/tests/Unit/Server/ServerInfoTest.php" line="253" class="JTD\LaravelMCP\Tests\Unit\Server\ServerInfoTest" classname="JTD.LaravelMCP.Tests.Unit.Server.ServerInfoTest" assertions="5" time="0.005895"/>
        <testcase name="test_has_default_server_information" file="/var/www/html/tests/Unit/Server/ServerInfoTest.php" line="25" class="JTD\LaravelMCP\Tests\Unit\Server\ServerInfoTest" classname="JTD.LaravelMCP.Tests.Unit.Server.ServerInfoTest" assertions="9" time="0.007591"/>
        <testcase name="test_can_get_name" file="/var/www/html/tests/Unit/Server/ServerInfoTest.php" line="72" class="JTD\LaravelMCP\Tests\Unit\Server\ServerInfoTest" classname="JTD.LaravelMCP.Tests.Unit.Server.ServerInfoTest" assertions="2" time="0.008717"/>
        <testcase name="test_can_set_vendor" file="/var/www/html/tests/Unit/Server/ServerInfoTest.php" line="128" class="JTD\LaravelMCP\Tests\Unit\Server\ServerInfoTest" classname="JTD.LaravelMCP.Tests.Unit.Server.ServerInfoTest" assertions="1" time="0.005964"/>
        <testcase name="test_can_get_detailed_info" file="/var/www/html/tests/Unit/Server/ServerInfoTest.php" line="175" class="JTD\LaravelMCP\Tests\Unit\Server\ServerInfoTest" classname="JTD.LaravelMCP.Tests.Unit.Server.ServerInfoTest" assertions="4" time="0.008806"/>
        <testcase name="test_respects_environment_variables" file="/var/www/html/tests/Unit/Server/ServerInfoTest.php" line="239" class="JTD\LaravelMCP\Tests\Unit\Server\ServerInfoTest" classname="JTD.LaravelMCP.Tests.Unit.Server.ServerInfoTest" assertions="2" time="0.005728"/>
        <testcase name="test_can_reset_start_time" file="/var/www/html/tests/Unit/Server/ServerInfoTest.php" line="193" class="JTD\LaravelMCP\Tests\Unit\Server\ServerInfoTest" classname="JTD.LaravelMCP.Tests.Unit.Server.ServerInfoTest" assertions="1" time="1.006051"/>
      </testsuite>
      <testsuite name="JTD\LaravelMCP\Tests\Feature\DirectoryStructureValidationTest" file="/var/www/html/tests/Feature/DirectoryStructureValidationTest.php" tests="20" assertions="93" errors="0" failures="0" skipped="0" time="0.121111">
        <testcase name="it_has_all_required_source_directories" file="/var/www/html/tests/Feature/DirectoryStructureValidationTest.php" line="31" class="JTD\LaravelMCP\Tests\Feature\DirectoryStructureValidationTest" classname="JTD.LaravelMCP.Tests.Feature.DirectoryStructureValidationTest" assertions="17" time="0.006718"/>
        <testcase name="it_has_all_required_contract_interfaces" file="/var/www/html/tests/Feature/DirectoryStructureValidationTest.php" line="118" class="JTD\LaravelMCP\Tests\Feature\DirectoryStructureValidationTest" classname="JTD.LaravelMCP.Tests.Feature.DirectoryStructureValidationTest" assertions="6" time="0.005355"/>
        <testcase name="it_has_all_required_foundational_traits" file="/var/www/html/tests/Feature/DirectoryStructureValidationTest.php" line="143" class="JTD\LaravelMCP\Tests\Feature\DirectoryStructureValidationTest" classname="JTD.LaravelMCP.Tests.Feature.DirectoryStructureValidationTest" assertions="3" time="0.004575"/>
        <testcase name="it_has_all_required_exception_classes" file="/var/www/html/tests/Feature/DirectoryStructureValidationTest.php" line="165" class="JTD\LaravelMCP\Tests\Feature\DirectoryStructureValidationTest" classname="JTD.LaravelMCP.Tests.Feature.DirectoryStructureValidationTest" assertions="4" time="0.006480"/>
        <testcase name="it_has_the_mcp_facade" file="/var/www/html/tests/Feature/DirectoryStructureValidationTest.php" line="188" class="JTD\LaravelMCP\Tests\Feature\DirectoryStructureValidationTest" classname="JTD.LaravelMCP.Tests.Feature.DirectoryStructureValidationTest" assertions="1" time="0.007443"/>
        <testcase name="it_has_console_utilities" file="/var/www/html/tests/Feature/DirectoryStructureValidationTest.php" line="199" class="JTD\LaravelMCP\Tests\Feature\DirectoryStructureValidationTest" classname="JTD.LaravelMCP.Tests.Feature.DirectoryStructureValidationTest" assertions="1" time="0.007246"/>
        <testcase name="it_has_all_code_generation_stubs" file="/var/www/html/tests/Feature/DirectoryStructureValidationTest.php" line="219" class="JTD\LaravelMCP\Tests\Feature\DirectoryStructureValidationTest" classname="JTD.LaravelMCP.Tests.Feature.DirectoryStructureValidationTest" assertions="4" time="0.005581"/>
        <testcase name="it_has_debug_view_template" file="/var/www/html/tests/Feature/DirectoryStructureValidationTest.php" line="242" class="JTD\LaravelMCP\Tests\Feature\DirectoryStructureValidationTest" classname="JTD.LaravelMCP.Tests.Feature.DirectoryStructureValidationTest" assertions="1" time="0.004972"/>
        <testcase name="it_has_base_test_case" file="/var/www/html/tests/Feature/DirectoryStructureValidationTest.php" line="253" class="JTD\LaravelMCP\Tests\Feature\DirectoryStructureValidationTest" classname="JTD.LaravelMCP.Tests.Feature.DirectoryStructureValidationTest" assertions="1" time="0.004901"/>
        <testcase name="it_has_test_fixtures" file="/var/www/html/tests/Feature/DirectoryStructureValidationTest.php" line="264" class="JTD\LaravelMCP\Tests\Feature\DirectoryStructureValidationTest" classname="JTD.LaravelMCP.Tests.Feature.DirectoryStructureValidationTest" assertions="5" time="0.005368"/>
        <testcase name="it_can_load_all_contract_interfaces" file="/var/www/html/tests/Feature/DirectoryStructureValidationTest.php" line="288" class="JTD\LaravelMCP\Tests\Feature\DirectoryStructureValidationTest" classname="JTD.LaravelMCP.Tests.Feature.DirectoryStructureValidationTest" assertions="6" time="0.005719"/>
        <testcase name="it_can_load_all_trait_classes" file="/var/www/html/tests/Feature/DirectoryStructureValidationTest.php" line="312" class="JTD\LaravelMCP\Tests\Feature\DirectoryStructureValidationTest" classname="JTD.LaravelMCP.Tests.Feature.DirectoryStructureValidationTest" assertions="3" time="0.005425"/>
        <testcase name="it_can_load_all_exception_classes" file="/var/www/html/tests/Feature/DirectoryStructureValidationTest.php" line="333" class="JTD\LaravelMCP\Tests\Feature\DirectoryStructureValidationTest" classname="JTD.LaravelMCP.Tests.Feature.DirectoryStructureValidationTest" assertions="7" time="0.006404"/>
        <testcase name="it_can_load_mcp_facade" file="/var/www/html/tests/Feature/DirectoryStructureValidationTest.php" line="363" class="JTD\LaravelMCP\Tests\Feature\DirectoryStructureValidationTest" classname="JTD.LaravelMCP.Tests.Feature.DirectoryStructureValidationTest" assertions="2" time="0.005063"/>
        <testcase name="it_can_load_console_utilities" file="/var/www/html/tests/Feature/DirectoryStructureValidationTest.php" line="382" class="JTD\LaravelMCP\Tests\Feature\DirectoryStructureValidationTest" classname="JTD.LaravelMCP.Tests.Feature.DirectoryStructureValidationTest" assertions="1" time="0.009135"/>
        <testcase name="it_can_load_test_fixtures" file="/var/www/html/tests/Feature/DirectoryStructureValidationTest.php" line="396" class="JTD\LaravelMCP\Tests\Feature\DirectoryStructureValidationTest" classname="JTD.LaravelMCP.Tests.Feature.DirectoryStructureValidationTest" assertions="5" time="0.007402"/>
        <testcase name="it_follows_laravel_namespace_patterns" file="/var/www/html/tests/Feature/DirectoryStructureValidationTest.php" line="419" class="JTD\LaravelMCP\Tests\Feature\DirectoryStructureValidationTest" classname="JTD.LaravelMCP.Tests.Feature.DirectoryStructureValidationTest" assertions="7" time="0.005431"/>
        <testcase name="it_supports_psr4_autoloading" file="/var/www/html/tests/Feature/DirectoryStructureValidationTest.php" line="436" class="JTD\LaravelMCP\Tests\Feature\DirectoryStructureValidationTest" classname="JTD.LaravelMCP.Tests.Feature.DirectoryStructureValidationTest" assertions="6" time="0.006462"/>
        <testcase name="it_has_all_required_configuration_directories" file="/var/www/html/tests/Feature/DirectoryStructureValidationTest.php" line="67" class="JTD\LaravelMCP\Tests\Feature\DirectoryStructureValidationTest" classname="JTD.LaravelMCP.Tests.Feature.DirectoryStructureValidationTest" assertions="6" time="0.005529"/>
        <testcase name="it_has_all_required_test_directories" file="/var/www/html/tests/Feature/DirectoryStructureValidationTest.php" line="92" class="JTD\LaravelMCP\Tests\Feature\DirectoryStructureValidationTest" classname="JTD.LaravelMCP.Tests.Feature.DirectoryStructureValidationTest" assertions="7" time="0.005901"/>
      </testsuite>
      <testsuite name="JTD\LaravelMCP\Tests\Feature\Server\Handlers\HandlerIntegrationTest" file="/var/www/html/tests/Feature/Server/Handlers/HandlerIntegrationTest.php" tests="11" assertions="88" errors="0" failures="0" skipped="0" time="0.087079">
        <testcase name="handlers_handle_error_scenarios_gracefully" file="/var/www/html/tests/Feature/Server/Handlers/HandlerIntegrationTest.php" line="304" class="JTD\LaravelMCP\Tests\Feature\Server\Handlers\HandlerIntegrationTest" classname="JTD.LaravelMCP.Tests.Feature.Server.Handlers.HandlerIntegrationTest" assertions="3" time="0.006046"/>
        <testcase name="handlers_validate_request_parameters_correctly" file="/var/www/html/tests/Feature/Server/Handlers/HandlerIntegrationTest.php" line="336" class="JTD\LaravelMCP\Tests\Feature\Server\Handlers\HandlerIntegrationTest" classname="JTD.LaravelMCP.Tests.Feature.Server.Handlers.HandlerIntegrationTest" assertions="3" time="0.006255"/>
[...]
        <testcase name="it_maintains_performance_during_event_handling" file="/var/www/html/tests/Feature/EventLifecycleIntegrationTest.php" line="327" class="JTD\LaravelMCP\Tests\Feature\EventLifecycleIntegrationTest" classname="JTD.LaravelMCP.Tests.Feature.EventLifecycleIntegrationTest" assertions="1" time="0.008233"/>
      </testsuite>
      <testsuite name="JTD\LaravelMCP\Tests\Feature\McpServerIntegrationTest" file="/var/www/html/tests/Feature/McpServerIntegrationTest.php" tests="17" assertions="87" errors="0" failures="0" skipped="1" time="1.271058">
        <testcase name="test_can_resolve_capability_manager_from_container" file="/var/www/html/tests/Feature/McpServerIntegrationTest.php" line="28" class="JTD\LaravelMCP\Tests\Feature\McpServerIntegrationTest" classname="JTD.LaravelMCP.Tests.Feature.McpServerIntegrationTest" assertions="1" time="0.007416"/>
        <testcase name="test_can_resolve_server_from_container" file="/var/www/html/tests/Feature/McpServerIntegrationTest.php" line="14" class="JTD\LaravelMCP\Tests\Feature\McpServerIntegrationTest" classname="JTD.LaravelMCP.Tests.Feature.McpServerIntegrationTest" assertions="1" time="0.007514"/>
        <testcase name="test_server_initialization_flow" file="/var/www/html/tests/Feature/McpServerIntegrationTest.php" line="35" class="JTD\LaravelMCP\Tests\Feature\McpServerIntegrationTest" classname="JTD.LaravelMCP.Tests.Feature.McpServerIntegrationTest" assertions="8" time="0.008137"/>
        <testcase name="test_server_metrics_tracking" file="/var/www/html/tests/Feature/McpServerIntegrationTest.php" line="191" class="JTD\LaravelMCP\Tests\Feature\McpServerIntegrationTest" classname="JTD.LaravelMCP.Tests.Feature.McpServerIntegrationTest" assertions="8" time="0.007685"/>
        <testcase name="test_server_graceful_shutdown" file="/var/www/html/tests/Feature/McpServerIntegrationTest.php" line="236" class="JTD\LaravelMCP\Tests\Feature\McpServerIntegrationTest" classname="JTD.LaravelMCP.Tests.Feature.McpServerIntegrationTest" assertions="2" time="0.008300"/>
        <testcase name="test_server_transport_integration" file="/var/www/html/tests/Feature/McpServerIntegrationTest.php" line="275" class="JTD\LaravelMCP\Tests\Feature\McpServerIntegrationTest" classname="JTD.LaravelMCP.Tests.Feature.McpServerIntegrationTest" assertions="4" time="0.008355"/>
        <testcase name="test_server_component_integration" file="/var/www/html/tests/Feature/McpServerIntegrationTest.php" line="288" class="JTD\LaravelMCP\Tests\Feature\McpServerIntegrationTest" classname="JTD.LaravelMCP.Tests.Feature.McpServerIntegrationTest" assertions="5" time="0.007780"/>
        <testcase name="test_server_protocol_version" file="/var/www/html/tests/Feature/McpServerIntegrationTest.php" line="336" class="JTD\LaravelMCP\Tests\Feature\McpServerIntegrationTest" classname="JTD.LaravelMCP.Tests.Feature.McpServerIntegrationTest" assertions="1" time="0.014477"/>
        <testcase name="test_server_status_and_health" file="/var/www/html/tests/Feature/McpServerIntegrationTest.php" line="97" class="JTD\LaravelMCP\Tests\Feature\McpServerIntegrationTest" classname="JTD.LaravelMCP.Tests.Feature.McpServerIntegrationTest" assertions="15" time="0.022659"/>
        <testcase name="test_server_diagnostics" file="/var/www/html/tests/Feature/McpServerIntegrationTest.php" line="302" class="JTD\LaravelMCP\Tests\Feature\McpServerIntegrationTest" classname="JTD.LaravelMCP.Tests.Feature.McpServerIntegrationTest" assertions="10" time="0.016220"/>
        <testcase name="test_server_uptime_tracking" file="/var/www/html/tests/Feature/McpServerIntegrationTest.php" line="323" class="JTD\LaravelMCP\Tests\Feature\McpServerIntegrationTest" classname="JTD.LaravelMCP.Tests.Feature.McpServerIntegrationTest" assertions="4" time="0.111080"/>
        <testcase name="test_server_lifecycle_management" file="/var/www/html/tests/Feature/McpServerIntegrationTest.php" line="66" class="JTD\LaravelMCP\Tests\Feature\McpServerIntegrationTest" classname="JTD.LaravelMCP.Tests.Feature.McpServerIntegrationTest" assertions="8" time="1.011602"/>
        <testcase name="test_capability_negotiation_integration" file="/var/www/html/tests/Feature/McpServerIntegrationTest.php" line="141" class="JTD\LaravelMCP\Tests\Feature\McpServerIntegrationTest" classname="JTD.LaravelMCP.Tests.Feature.McpServerIntegrationTest" assertions="3" time="0.008930"/>
        <testcase name="test_capability_manager_mcp10_compliance" file="/var/www/html/tests/Feature/McpServerIntegrationTest.php" line="250" class="JTD\LaravelMCP\Tests\Feature\McpServerIntegrationTest" classname="JTD.LaravelMCP.Tests.Feature.McpServerIntegrationTest" assertions="3" time="0.009599">
          <skipped/>
        </testcase>
        <testcase name="test_can_resolve_server_info_from_container" file="/var/www/html/tests/Feature/McpServerIntegrationTest.php" line="21" class="JTD\LaravelMCP\Tests\Feature\McpServerIntegrationTest" classname="JTD.LaravelMCP.Tests.Feature.McpServerIntegrationTest" assertions="1" time="0.007151"/>
        <testcase name="test_server_configuration_integration" file="/var/www/html/tests/Feature/McpServerIntegrationTest.php" line="128" class="JTD\LaravelMCP\Tests\Feature\McpServerIntegrationTest" classname="JTD.LaravelMCP.Tests.Feature.McpServerIntegrationTest" assertions="3" time="0.008057"/>
        <testcase name="test_server_info_detailed_information" file="/var/www/html/tests/Feature/McpServerIntegrationTest.php" line="215" class="JTD\LaravelMCP\Tests\Feature\McpServerIntegrationTest" classname="JTD.LaravelMCP.Tests.Feature.McpServerIntegrationTest" assertions="10" time="0.006096"/>
      </testsuite>
      <testsuite name="JTD\LaravelMCP\Tests\Feature\MiddlewareIntegrationTest" file="/var/www/html/tests/Feature/MiddlewareIntegrationTest.php" tests="12" assertions="53" errors="0" failures="0" skipped="0" time="0.083502">
        <testcase name="it_handles_cors_preflight_requests" file="/var/www/html/tests/Feature/MiddlewareIntegrationTest.php" line="88" class="JTD\LaravelMCP\Tests\Feature\MiddlewareIntegrationTest" classname="JTD.LaravelMCP.Tests.Feature.MiddlewareIntegrationTest" assertions="8" time="0.006000"/>
        <testcase name="it_rejects_requests_with_invalid_api_key" file="/var/www/html/tests/Feature/MiddlewareIntegrationTest.php" line="135" class="JTD\LaravelMCP\Tests\Feature\MiddlewareIntegrationTest" classname="JTD.LaravelMCP.Tests.Feature.MiddlewareIntegrationTest" assertions="5" time="0.007391"/>
        <testcase name="it_rejects_requests_without_api_key_when_required" file="/var/www/html/tests/Feature/MiddlewareIntegrationTest.php" line="163" class="JTD\LaravelMCP\Tests\Feature\MiddlewareIntegrationTest" classname="JTD.LaravelMCP.Tests.Feature.MiddlewareIntegrationTest" assertions="2" time="0.006858"/>
        <testcase name="it_allows_requests_when_auth_disabled" file="/var/www/html/tests/Feature/MiddlewareIntegrationTest.php" line="186" class="JTD\LaravelMCP\Tests\Feature\MiddlewareIntegrationTest" classname="JTD.LaravelMCP.Tests.Feature.MiddlewareIntegrationTest" assertions="2" time="0.007678"/>
        <testcase name="it_accepts_api_key_in_query_parameter" file="/var/www/html/tests/Feature/MiddlewareIntegrationTest.php" line="228" class="JTD\LaravelMCP\Tests\Feature\MiddlewareIntegrationTest" classname="JTD.LaravelMCP.Tests.Feature.MiddlewareIntegrationTest" assertions="2" time="0.008349"/>
        <testcase name="it_allows_wildcard_origins" file="/var/www/html/tests/Feature/MiddlewareIntegrationTest.php" line="270" class="JTD\LaravelMCP\Tests\Feature\MiddlewareIntegrationTest" classname="JTD.LaravelMCP.Tests.Feature.MiddlewareIntegrationTest" assertions="3" time="0.007769"/>
        <testcase name="it_handles_complex_cors_scenarios" file="/var/www/html/tests/Feature/MiddlewareIntegrationTest.php" line="289" class="JTD\LaravelMCP\Tests\Feature\MiddlewareIntegrationTest" classname="JTD.LaravelMCP.Tests.Feature.MiddlewareIntegrationTest" assertions="9" time="0.005957"/>
        <testcase name="it_allows_valid_cors_requests" file="/var/www/html/tests/Feature/MiddlewareIntegrationTest.php" line="65" class="JTD\LaravelMCP\Tests\Feature\MiddlewareIntegrationTest" classname="JTD.LaravelMCP.Tests.Feature.MiddlewareIntegrationTest" assertions="7" time="0.006005"/>
        <testcase name="it_processes_middleware_stack_correctly" file="/var/www/html/tests/Feature/MiddlewareIntegrationTest.php" line="204" class="JTD\LaravelMCP\Tests\Feature\MiddlewareIntegrationTest" classname="JTD.LaravelMCP.Tests.Feature.MiddlewareIntegrationTest" assertions="6" time="0.006073"/>
        <testcase name="it_respects_cors_origin_restrictions" file="/var/www/html/tests/Feature/MiddlewareIntegrationTest.php" line="250" class="JTD\LaravelMCP\Tests\Feature\MiddlewareIntegrationTest" classname="JTD.LaravelMCP.Tests.Feature.MiddlewareIntegrationTest" assertions="2" time="0.006072"/>
        <testcase name="it_maintains_cors_headers_on_auth_errors" file="/var/www/html/tests/Feature/MiddlewareIntegrationTest.php" line="321" class="JTD\LaravelMCP\Tests\Feature\MiddlewareIntegrationTest" classname="JTD.LaravelMCP.Tests.Feature.MiddlewareIntegrationTest" assertions="5" time="0.007281"/>
        <testcase name="it_allows_requests_with_valid_api_key" file="/var/www/html/tests/Feature/MiddlewareIntegrationTest.php" line="114" class="JTD\LaravelMCP\Tests\Feature\MiddlewareIntegrationTest" classname="JTD.LaravelMCP.Tests.Feature.MiddlewareIntegrationTest" assertions="2" time="0.008067"/>
      </testsuite>
      <testsuite name="JTD\LaravelMCP\Tests\Feature\Server\Handlers\HandlerIntegrationTest" file="/var/www/html/tests/Feature/Server/Handlers/HandlerIntegrationTest.php" tests="11" assertions="88" errors="0" failures="0" skipped="0" time="0.086392">
        <testcase name="handlers_handle_error_scenarios_gracefully" file="/var/www/html/tests/Feature/Server/Handlers/HandlerIntegrationTest.php" line="304" class="JTD\LaravelMCP\Tests\Feature\Server\Handlers\HandlerIntegrationTest" classname="JTD.LaravelMCP.Tests.Feature.Server.Handlers.HandlerIntegrationTest" assertions="3" time="0.008802"/>
        <testcase name="handlers_validate_request_parameters_correctly" file="/var/www/html/tests/Feature/Server/Handlers/HandlerIntegrationTest.php" line="336" class="JTD\LaravelMCP\Tests\Feature\Server\Handlers\HandlerIntegrationTest" classname="JTD.LaravelMCP.Tests.Feature.Server.Handlers.HandlerIntegrationTest" assertions="3" time="0.008722"/>
        <testcase name="tool_execution_handles_different_result_types" file="/var/www/html/tests/Feature/Server/Handlers/HandlerIntegrationTest.php" line="407" class="JTD\LaravelMCP\Tests\Feature\Server\Handlers\HandlerIntegrationTest" classname="JTD.LaravelMCP.Tests.Feature.Server.Handlers.HandlerIntegrationTest" assertions="7" time="0.005670"/>
        <testcase name="complete_prompt_workflow_lists_and_gets_prompts" file="/var/www/html/tests/Feature/Server/Handlers/HandlerIntegrationTest.php" line="121" class="JTD\LaravelMCP\Tests\Feature\Server\Handlers\HandlerIntegrationTest" classname="JTD.LaravelMCP.Tests.Feature.Server.Handlers.HandlerIntegrationTest" assertions="13" time="0.006533"/>
        <testcase name="resource_reading_handles_different_content_types" file="/var/www/html/tests/Feature/Server/Handlers/HandlerIntegrationTest.php" line="491" class="JTD\LaravelMCP\Tests\Feature\Server\Handlers\HandlerIntegrationTest" classname="JTD.LaravelMCP.Tests.Feature.Server.Handlers.HandlerIntegrationTest" assertions="7" time="0.005431"/>
        <testcase name="complete_resource_workflow_lists_and_reads_resources" file="/var/www/html/tests/Feature/Server/Handlers/HandlerIntegrationTest.php" line="93" class="JTD\LaravelMCP\Tests\Feature\Server\Handlers\HandlerIntegrationTest" classname="JTD.LaravelMCP.Tests.Feature.Server.Handlers.HandlerIntegrationTest" assertions="10" time="0.006074"/>
        <testcase name="handlers_return_proper_mcp_response_format" file="/var/www/html/tests/Feature/Server/Handlers/HandlerIntegrationTest.php" line="368" class="JTD\LaravelMCP\Tests\Feature\Server\Handlers\HandlerIntegrationTest" classname="JTD.LaravelMCP.Tests.Feature.Server.Handlers.HandlerIntegrationTest" assertions="22" time="0.008687"/>
        <testcase name="complete_tool_workflow_lists_and_executes_tools" file="/var/www/html/tests/Feature/Server/Handlers/HandlerIntegrationTest.php" line="56" class="JTD\LaravelMCP\Tests\Feature\Server\Handlers\HandlerIntegrationTest" classname="JTD.LaravelMCP.Tests.Feature.Server.Handlers.HandlerIntegrationTest" assertions="12" time="0.008181"/>
        <testcase name="prompt_handler_manages_pagination_correctly" file="/var/www/html/tests/Feature/Server/Handlers/HandlerIntegrationTest.php" line="262" class="JTD\LaravelMCP\Tests\Feature\Server\Handlers\HandlerIntegrationTest" classname="JTD.LaravelMCP.Tests.Feature.Server.Handlers.HandlerIntegrationTest" assertions="2" time="0.007778"/>
        <testcase name="resource_handler_manages_pagination_correctly" file="/var/www/html/tests/Feature/Server/Handlers/HandlerIntegrationTest.php" line="214" class="JTD\LaravelMCP\Tests\Feature\Server\Handlers\HandlerIntegrationTest" classname="JTD.LaravelMCP.Tests.Feature.Server.Handlers.HandlerIntegrationTest" assertions="3" time="0.009624"/>
        <testcase name="tool_handler_manages_pagination_correctly" file="/var/www/html/tests/Feature/Server/Handlers/HandlerIntegrationTest.php" line="159" class="JTD\LaravelMCP\Tests\Feature\Server\Handlers\HandlerIntegrationTest" classname="JTD.LaravelMCP.Tests.Feature.Server.Handlers.HandlerIntegrationTest" assertions="6" time="0.010891"/>
      </testsuite>
      <testsuite name="JTD\LaravelMCP\Tests\Feature\ServiceProviderIntegrationTest" file="/var/www/html/tests/Feature/ServiceProviderIntegrationTest.php" tests="18" assertions="83" errors="0" failures="0" skipped="0" time="0.127867">
        <testcase name="it_registers_service_provider_in_laravel_application" file="/var/www/html/tests/Feature/ServiceProviderIntegrationTest.php" line="48" class="JTD\LaravelMCP\Tests\Feature\ServiceProviderIntegrationTest" classname="JTD.LaravelMCP.Tests.Feature.ServiceProviderIntegrationTest" assertions="2" time="0.005127"/>
        <testcase name="it_resolves_interfaces_to_correct_implementations" file="/var/www/html/tests/Feature/ServiceProviderIntegrationTest.php" line="91" class="JTD\LaravelMCP\Tests\Feature\ServiceProviderIntegrationTest" classname="JTD.LaravelMCP.Tests.Feature.ServiceProviderIntegrationTest" assertions="3" time="0.006533"/>
        <testcase name="it_allows_environment_variables_to_override_config" file="/var/www/html/tests/Feature/ServiceProviderIntegrationTest.php" line="143" class="JTD\LaravelMCP\Tests\Feature\ServiceProviderIntegrationTest" classname="JTD.LaravelMCP.Tests.Feature.ServiceProviderIntegrationTest" assertions="2" time="0.007216"/>
        <testcase name="it_integrates_services_correctly" file="/var/www/html/tests/Feature/ServiceProviderIntegrationTest.php" line="170" class="JTD\LaravelMCP\Tests\Feature\ServiceProviderIntegrationTest" classname="JTD.LaravelMCP.Tests.Feature.ServiceProviderIntegrationTest" assertions="3" time="0.007195"/>
        <testcase name="it_configures_publishable_assets" file="/var/www/html/tests/Feature/ServiceProviderIntegrationTest.php" line="233" class="JTD\LaravelMCP\Tests\Feature\ServiceProviderIntegrationTest" classname="JTD.LaravelMCP.Tests.Feature.ServiceProviderIntegrationTest" assertions="3" time="0.004510"/>
        <testcase name="it_configures_transport_manager_based_on_config" file="/var/www/html/tests/Feature/ServiceProviderIntegrationTest.php" line="302" class="JTD\LaravelMCP\Tests\Feature\ServiceProviderIntegrationTest" classname="JTD.LaravelMCP.Tests.Feature.ServiceProviderIntegrationTest" assertions="2" time="0.005451"/>
        <testcase name="it_resolves_services_using_app_helper" file="/var/www/html/tests/Feature/ServiceProviderIntegrationTest.php" line="340" class="JTD\LaravelMCP\Tests\Feature\ServiceProviderIntegrationTest" classname="JTD.LaravelMCP.Tests.Feature.ServiceProviderIntegrationTest" assertions="3" time="0.005120"/>
        <testcase name="it_supports_dependency_injection_resolution" file="/var/www/html/tests/Feature/ServiceProviderIntegrationTest.php" line="357" class="JTD\LaravelMCP\Tests\Feature\ServiceProviderIntegrationTest" classname="JTD.LaravelMCP.Tests.Feature.ServiceProviderIntegrationTest" assertions="2" time="0.004808"/>
        <testcase name="it_resolves_all_services_through_container" file="/var/www/html/tests/Feature/ServiceProviderIntegrationTest.php" line="60" class="JTD\LaravelMCP\Tests\Feature\ServiceProviderIntegrationTest" classname="JTD.LaravelMCP.Tests.Feature.ServiceProviderIntegrationTest" assertions="22" time="0.006020"/>
        <testcase name="it_provides_functional_mcp_facade" file="/var/www/html/tests/Feature/ServiceProviderIntegrationTest.php" line="108" class="JTD\LaravelMCP\Tests\Feature\ServiceProviderIntegrationTest" classname="JTD.LaravelMCP.Tests.Feature.ServiceProviderIntegrationTest" assertions="2" time="0.006106"/>
        <testcase name="it_loads_and_merges_configuration" file="/var/www/html/tests/Feature/ServiceProviderIntegrationTest.php" line="122" class="JTD\LaravelMCP\Tests\Feature\ServiceProviderIntegrationTest" classname="JTD.LaravelMCP.Tests.Feature.ServiceProviderIntegrationTest" assertions="8" time="0.008707"/>
        <testcase name="it_loads_routes_when_route_file_exists" file="/var/www/html/tests/Feature/ServiceProviderIntegrationTest.php" line="259" class="JTD\LaravelMCP\Tests\Feature\ServiceProviderIntegrationTest" classname="JTD.LaravelMCP.Tests.Feature.ServiceProviderIntegrationTest" assertions="1" time="0.005073"/>
        <testcase name="it_handles_missing_optional_dependencies_gracefully" file="/var/www/html/tests/Feature/ServiceProviderIntegrationTest.php" line="319" class="JTD\LaravelMCP\Tests\Feature\ServiceProviderIntegrationTest" classname="JTD.LaravelMCP.Tests.Feature.ServiceProviderIntegrationTest" assertions="1" time="0.011449"/>
        <testcase name="it_handles_multiple_provider_instances_safely" file="/var/www/html/tests/Feature/ServiceProviderIntegrationTest.php" line="419" class="JTD\LaravelMCP\Tests\Feature\ServiceProviderIntegrationTest" classname="JTD.LaravelMCP.Tests.Feature.ServiceProviderIntegrationTest" assertions="3" time="0.005823"/>
        <testcase name="it_recovers_from_invalid_configuration" file="/var/www/html/tests/Feature/ServiceProviderIntegrationTest.php" line="449" class="JTD\LaravelMCP\Tests\Feature\ServiceProviderIntegrationTest" classname="JTD.LaravelMCP.Tests.Feature.ServiceProviderIntegrationTest" assertions="2" time="0.006001"/>
        <testcase name="it_respects_disabled_state_configuration" file="/var/www/html/tests/Feature/ServiceProviderIntegrationTest.php" line="470" class="JTD\LaravelMCP\Tests\Feature\ServiceProviderIntegrationTest" classname="JTD.LaravelMCP.Tests.Feature.ServiceProviderIntegrationTest" assertions="3" time="0.007050"/>
        <testcase name="it_discovers_components_when_enabled" file="/var/www/html/tests/Feature/ServiceProviderIntegrationTest.php" line="198" class="JTD\LaravelMCP\Tests\Feature\ServiceProviderIntegrationTest" classname="JTD.LaravelMCP.Tests.Feature.ServiceProviderIntegrationTest" assertions="3" time="0.009630"/>
        <testcase name="it_completes_full_service_provider_lifecycle" file="/var/www/html/tests/Feature/ServiceProviderIntegrationTest.php" line="377" class="JTD\LaravelMCP\Tests\Feature\ServiceProviderIntegrationTest" classname="JTD.LaravelMCP.Tests.Feature.ServiceProviderIntegrationTest" assertions="18" time="0.016047"/>
      </testsuite>
    </testsuite>
  </testsuite>
</testsuites>
